INFO: [VRFC 10-163] Analyzing VHDL file "/home/diegoaranda/Documents/Tesis/multifpga_GT_master_ex/multifpga_GT_master_ex.srcs/sources_1/ip/multifpga_GT_master/multifpga_GT_master/example_design/multifpga_gt_master_tx_startup_fsm.vhd" into library xil_defaultlib
INFO: [VRFC 10-3107] analyzing entity 'multifpga_GT_master_TX_STARTUP_FSM'
INFO: [VRFC 10-163] Analyzing VHDL file "/home/diegoaranda/Documents/Tesis/multifpga_GT_master_ex/multifpga_GT_master_ex.srcs/sources_1/ip/multifpga_GT_master/multifpga_GT_master/example_design/multifpga_gt_master_rx_startup_fsm.vhd" into library xil_defaultlib
INFO: [VRFC 10-3107] analyzing entity 'multifpga_GT_master_RX_STARTUP_FSM'
INFO: [VRFC 10-163] Analyzing VHDL file "/home/diegoaranda/Documents/Tesis/multifpga_GT_master_ex/multifpga_GT_master_ex.srcs/sources_1/ip/multifpga_GT_master/multifpga_gt_master_init.vhd" into library xil_defaultlib
INFO: [VRFC 10-3107] analyzing entity 'multifpga_GT_master_init'
INFO: [VRFC 10-163] Analyzing VHDL file "/home/diegoaranda/Documents/Tesis/multifpga_GT_master_ex/multifpga_GT_master_ex.srcs/sources_1/ip/multifpga_GT_master/multifpga_gt_master_gt.vhd" into library xil_defaultlib
INFO: [VRFC 10-3107] analyzing entity 'multifpga_GT_master_GT'
INFO: [VRFC 10-163] Analyzing VHDL file "/home/diegoaranda/Documents/Tesis/multifpga_GT_master_ex/multifpga_GT_master_ex.srcs/sources_1/ip/multifpga_GT_master/multifpga_gt_master_multi_gt.vhd" into library xil_defaultlib
INFO: [VRFC 10-3107] analyzing entity 'multifpga_GT_master_multi_gt'
INFO: [VRFC 10-163] Analyzing VHDL file "/home/diegoaranda/Documents/Tesis/multifpga_GT_master_ex/multifpga_GT_master_ex.srcs/sources_1/ip/multifpga_GT_master/multifpga_GT_master/example_design/multifpga_gt_master_gtrxreset_seq.vhd" into library xil_defaultlib
INFO: [VRFC 10-3107] analyzing entity 'multifpga_gt_master_gtrxreset_seq'
INFO: [VRFC 10-163] Analyzing VHDL file "/home/diegoaranda/Documents/Tesis/multifpga_GT_master_ex/multifpga_GT_master_ex.srcs/sources_1/ip/multifpga_GT_master/multifpga_GT_master/example_design/multifpga_gt_master_rxpmarst_seq.vhd" into library xil_defaultlib
INFO: [VRFC 10-3107] analyzing entity 'multifpga_gt_master_rxpmarst_seq'
INFO: [VRFC 10-163] Analyzing VHDL file "/home/diegoaranda/Documents/Tesis/multifpga_GT_master_ex/multifpga_GT_master_ex.srcs/sources_1/ip/multifpga_GT_master/multifpga_GT_master/example_design/multifpga_gt_master_rxrate_seq.vhd" into library xil_defaultlib
INFO: [VRFC 10-3107] analyzing entity 'multifpga_gt_master_rxrate_seq'
INFO: [VRFC 10-163] Analyzing VHDL file "/home/diegoaranda/Documents/Tesis/multifpga_GT_master_ex/multifpga_GT_master_ex.srcs/sources_1/ip/multifpga_GT_master/multifpga_GT_master/example_design/multifpga_gt_master_sync_block.vhd" into library xil_defaultlib
INFO: [VRFC 10-3107] analyzing entity 'multifpga_GT_master_sync_block'
INFO: [VRFC 10-163] Analyzing VHDL file "/home/diegoaranda/Documents/Tesis/multifpga_GT_master_ex/multifpga_GT_master_ex.srcs/sources_1/ip/multifpga_GT_master/multifpga_gt_master.vhd" into library xil_defaultlib
INFO: [VRFC 10-3107] analyzing entity 'multifpga_GT_master'
INFO: [VRFC 10-163] Analyzing VHDL file "/home/diegoaranda/Documents/Tesis/multifpga_GT_master_ex/multifpga_GT_master_ex.srcs/sources_1/imports/example_design/support/multifpga_gt_master_common.vhd" into library xil_defaultlib
INFO: [VRFC 10-3107] analyzing entity 'multifpga_GT_master_common'
INFO: [VRFC 10-163] Analyzing VHDL file "/home/diegoaranda/Documents/Tesis/multifpga_GT_master_ex/multifpga_GT_master_ex.srcs/sources_1/imports/example_design/support/multifpga_gt_master_common_reset.vhd" into library xil_defaultlib
INFO: [VRFC 10-3107] analyzing entity 'multifpga_GT_master_common_reset'
INFO: [VRFC 10-163] Analyzing VHDL file "/home/diegoaranda/Documents/Tesis/multifpga_GT_master_ex/multifpga_GT_master_ex.srcs/sources_1/imports/example_design/support/multifpga_gt_master_cpll_railing.vhd" into library xil_defaultlib
INFO: [VRFC 10-3107] analyzing entity 'multifpga_GT_master_cpll_railing'
INFO: [VRFC 10-163] Analyzing VHDL file "/home/diegoaranda/Documents/Tesis/multifpga_GT_master_ex/multifpga_GT_master_ex.srcs/sources_1/imports/example_design/multifpga_gt_master_exdes.vhd" into library xil_defaultlib
INFO: [VRFC 10-3107] analyzing entity 'multifpga_GT_master_exdes'
INFO: [VRFC 10-163] Analyzing VHDL file "/home/diegoaranda/Documents/Tesis/multifpga_GT_master_ex/multifpga_GT_master_ex.srcs/sources_1/imports/example_design/multifpga_gt_master_gt_frame_check.vhd" into library xil_defaultlib
INFO: [VRFC 10-3107] analyzing entity 'multifpga_GT_master_GT_FRAME_CHECK'
INFO: [VRFC 10-163] Analyzing VHDL file "/home/diegoaranda/Documents/Tesis/multifpga_GT_master_ex/multifpga_GT_master_ex.srcs/sources_1/imports/example_design/multifpga_gt_master_gt_frame_gen.vhd" into library xil_defaultlib
INFO: [VRFC 10-3107] analyzing entity 'multifpga_GT_master_GT_FRAME_GEN'
INFO: [VRFC 10-163] Analyzing VHDL file "/home/diegoaranda/Documents/Tesis/multifpga_GT_master_ex/multifpga_GT_master_ex.srcs/sources_1/imports/example_design/support/multifpga_gt_master_gt_usrclk_source.vhd" into library xil_defaultlib
INFO: [VRFC 10-3107] analyzing entity 'multifpga_GT_master_GT_USRCLK_SOURCE'
INFO: [VRFC 10-163] Analyzing VHDL file "/home/diegoaranda/Documents/Tesis/multifpga_GT_master_ex/multifpga_GT_master_ex.srcs/sources_1/imports/example_design/support/multifpga_gt_master_support.vhd" into library xil_defaultlib
INFO: [VRFC 10-3107] analyzing entity 'multifpga_GT_master_support'
INFO: [VRFC 10-163] Analyzing VHDL file "/home/diegoaranda/Documents/Tesis/multifpga_GT_master_ex/multifpga_GT_master_ex.srcs/sim_1/imports/simulation/sim_reset_gt_model.vhd" into library xil_defaultlib
INFO: [VRFC 10-3107] analyzing entity 'SIM_RESET_GT_MODEL'
INFO: [VRFC 10-163] Analyzing VHDL file "/home/diegoaranda/Documents/Tesis/multifpga_GT_master_ex/multifpga_GT_master_ex.srcs/sim_1/imports/simulation/multifpga_gt_master_tb.vhd" into library xil_defaultlib
INFO: [VRFC 10-3107] analyzing entity 'multifpga_GT_master_TB'
