#-----------------------------------------------------------
# xsim v2019.2 (64-bit)
# SW Build 2700185 on Thu Oct 24 18:45:48 MDT 2019
# IP Build 2699827 on Thu Oct 24 21:16:38 MDT 2019
# Start of session at: Wed Jun  3 18:45:06 2020
# Process ID: 5592
# Current directory: /home/diegoaranda/Documents/Tesis/tesis/full_mode
# Command line: xsim -source {xsim.dir/top_tb_sim/xsim_script.tcl}
# Log file: /home/diegoaranda/Documents/Tesis/tesis/full_mode/xsim.log
# Journal file: /home/diegoaranda/Documents/Tesis/tesis/full_mode/xsim.jou
#-----------------------------------------------------------
start_gui
source xsim.dir/top_tb_sim/xsim_script.tcl
# set_param project.enableReportConfiguration 0
# load_feature core
# current_fileset
INFO: [IP_Flow 19-234] Refreshing IP repositories
INFO: [IP_Flow 19-1704] No user IP repositories specified
INFO: [IP_Flow 19-2313] Loaded Vivado IP repository '/home/diegoaranda/Xilinx/Vivado/2019.2/data/ip'.
current_fileset: Time (s): cpu = 00:00:15 ; elapsed = 00:00:10 . Memory (MB): peak = 8532.590 ; gain = 94.035 ; free physical = 462 ; free virtual = 5306
# xsim {top_tb_sim} -autoloadwcfg
Vivado Simulator 2019.2
Time resolution is 1 ps
open_wave_config /home/diegoaranda/Documents/Tesis/tesis/full_mode/top_tb_sim.wcfg
open_wave_config: Time (s): cpu = 00:00:06 ; elapsed = 00:00:06 . Memory (MB): peak = 8624.449 ; gain = 32.016 ; free physical = 354 ; free virtual = 5200
xsim: Time (s): cpu = 00:00:18 ; elapsed = 00:00:18 . Memory (MB): peak = 8624.449 ; gain = 91.859 ; free physical = 353 ; free virtual = 5199
run 20 us
run: Time (s): cpu = 00:00:13 ; elapsed = 00:00:39 . Memory (MB): peak = 8624.449 ; gain = 0.000 ; free physical = 304 ; free virtual = 5150
save_wave_config {/home/diegoaranda/Documents/Tesis/tesis/full_mode/top_tb_sim.wcfg}
save_wave_config {/home/diegoaranda/Documents/Tesis/tesis/full_mode/top_tb_sim.wcfg}
run 20 us
run: Time (s): cpu = 00:00:05 ; elapsed = 00:00:14 . Memory (MB): peak = 8746.906 ; gain = 0.000 ; free physical = 471 ; free virtual = 4950
save_wave_config {/home/diegoaranda/Documents/Tesis/tesis/full_mode/top_tb_sim.wcfg}
close_sim
INFO: [Simtcl 6-16] Simulation closed
close_sim: Time (s): cpu = 00:01:07 ; elapsed = 00:00:20 . Memory (MB): peak = 8748.906 ; gain = 0.000 ; free physical = 572 ; free virtual = 5049
exit
INFO: [Common 17-206] Exiting xsim at Wed Jun  3 19:51:27 2020...
