#-----------------------------------------------------------
# xsim v2019.2 (64-bit)
# SW Build 2700185 on Thu Oct 24 18:45:48 MDT 2019
# IP Build 2699827 on Thu Oct 24 21:16:38 MDT 2019
# Start of session at: Thu May 14 15:08:29 2020
# Process ID: 3936
# Current directory: /home/diegoaranda/Documents/tesis/full_mode
# Command line: xsim -source {xsim.dir/top_tb_sim/xsim_script.tcl}
# Log file: /home/diegoaranda/Documents/tesis/full_mode/xsim.log
# Journal file: /home/diegoaranda/Documents/tesis/full_mode/xsim.jou
#-----------------------------------------------------------
start_gui
source xsim.dir/top_tb_sim/xsim_script.tcl
# set_param project.enableReportConfiguration 0
# load_feature core
# current_fileset
INFO: [IP_Flow 19-234] Refreshing IP repositories
INFO: [IP_Flow 19-1704] No user IP repositories specified
INFO: [IP_Flow 19-2313] Loaded Vivado IP repository '/home/diegoaranda/Xilinx/Vivado/2019.2/data/ip'.
current_fileset: Time (s): cpu = 00:00:14 ; elapsed = 00:00:23 . Memory (MB): peak = 8583.676 ; gain = 132.016 ; free physical = 951 ; free virtual = 5777
# xsim {top_tb_sim} -autoloadwcfg
Vivado Simulator 2019.2
Time resolution is 1 ps
open_wave_config /home/diegoaranda/Documents/tesis/full_mode/top_tb_sim.wcfg
xsim: Time (s): cpu = 00:00:14 ; elapsed = 00:00:17 . Memory (MB): peak = 8630.543 ; gain = 46.867 ; free physical = 826 ; free virtual = 5654
run 50 us
run: Time (s): cpu = 00:00:29 ; elapsed = 00:01:45 . Memory (MB): peak = 8630.543 ; gain = 0.000 ; free physical = 733 ; free virtual = 5565
close_sim
INFO: [Simtcl 6-16] Simulation closed
close_sim: Time (s): cpu = 00:01:51 ; elapsed = 00:00:12 . Memory (MB): peak = 8630.543 ; gain = 0.000 ; free physical = 821 ; free virtual = 5649
exit
INFO: [Common 17-206] Exiting xsim at Thu May 14 15:16:15 2020...
