#-----------------------------------------------------------
# xsim v2019.2 (64-bit)
# SW Build 2700185 on Thu Oct 24 18:45:48 MDT 2019
# IP Build 2699827 on Thu Oct 24 21:16:38 MDT 2019
# Start of session at: Thu May 28 15:34:19 2020
# Process ID: 15530
# Current directory: /home/diegoaranda/Documents/tesis/full_mode
# Command line: xsim -source {xsim.dir/top_tb_sim/xsim_script.tcl}
# Log file: /home/diegoaranda/Documents/tesis/full_mode/xsim.log
# Journal file: /home/diegoaranda/Documents/tesis/full_mode/xsim.jou
#-----------------------------------------------------------
start_gui
source xsim.dir/top_tb_sim/xsim_script.tcl
# set_param project.enableReportConfiguration 0
# load_feature core
# current_fileset
INFO: [IP_Flow 19-234] Refreshing IP repositories
INFO: [IP_Flow 19-1704] No user IP repositories specified
INFO: [IP_Flow 19-2313] Loaded Vivado IP repository '/home/diegoaranda/Xilinx/Vivado/2019.2/data/ip'.
current_fileset: Time (s): cpu = 00:00:09 ; elapsed = 00:00:06 . Memory (MB): peak = 8578.172 ; gain = 130.016 ; free physical = 544 ; free virtual = 5195
# xsim {top_tb_sim} -autoloadwcfg
Vivado Simulator 2019.2
Time resolution is 1 ps
open_wave_config /home/diegoaranda/Documents/tesis/full_mode/top_tb_sim.wcfg
run 20 us
run: Time (s): cpu = 00:00:09 ; elapsed = 00:00:56 . Memory (MB): peak = 8618.707 ; gain = 0.000 ; free physical = 376 ; free virtual = 5028
save_wave_config {/home/diegoaranda/Documents/tesis/full_mode/top_tb_sim.wcfg}
save_wave_config {/home/diegoaranda/Documents/tesis/full_mode/top_tb_sim.wcfg}
run 20 us
run: Time (s): cpu = 00:00:06 ; elapsed = 00:00:17 . Memory (MB): peak = 8749.219 ; gain = 11.238 ; free physical = 333 ; free virtual = 4987
close_sim
INFO: [Simtcl 6-16] Simulation closed
close_sim: Time (s): cpu = 00:01:14 ; elapsed = 00:00:10 . Memory (MB): peak = 8749.219 ; gain = 0.000 ; free physical = 436 ; free virtual = 5088
exit
INFO: [Common 17-206] Exiting xsim at Thu May 28 15:38:55 2020...
