#-----------------------------------------------------------
# xsim v2019.2 (64-bit)
# SW Build 2700185 on Thu Oct 24 18:45:48 MDT 2019
# IP Build 2699827 on Thu Oct 24 21:16:38 MDT 2019
# Start of session at: Thu Apr 16 15:24:07 2020
# Process ID: 5304
# Current directory: /home/diegoaranda/Documents/Tesis/full_mode
# Command line: xsim -source {xsim.dir/top_tb_sim/xsim_script.tcl}
# Log file: /home/diegoaranda/Documents/Tesis/full_mode/xsim.log
# Journal file: /home/diegoaranda/Documents/Tesis/full_mode/xsim.jou
#-----------------------------------------------------------
start_gui
source xsim.dir/top_tb_sim/xsim_script.tcl
# set_param project.enableReportConfiguration 0
# load_feature core
# current_fileset
INFO: [IP_Flow 19-234] Refreshing IP repositories
INFO: [IP_Flow 19-1704] No user IP repositories specified
INFO: [IP_Flow 19-2313] Loaded Vivado IP repository '/home/diegoaranda/Xilinx/Vivado/2019.2/data/ip'.
current_fileset: Time (s): cpu = 00:00:09 ; elapsed = 00:00:07 . Memory (MB): peak = 8595.965 ; gain = 132.016 ; free physical = 1130 ; free virtual = 5584
# xsim {top_tb_sim} -autoloadwcfg
Vivado Simulator 2019.2
Time resolution is 1 ps
open_wave_config /home/diegoaranda/Documents/Tesis/full_mode/top_tb_sim.wcfg
WARNING: Simulation object /top_tb/dut/state was not found in the design.
WARNING: Simulation object /top_tb/dut/gtp_tx_init_txphinitdone0 was not found in the design.
WARNING: Simulation object /top_tb/dut/gtp_tx_init_txphinitdone1 was not found in the design.
WARNING: Simulation object /top_tb/dut/gtp_tx_init_txphaligndone0 was not found in the design.
WARNING: Simulation object /top_tb/dut/gtp_tx_init_txphaligndone1 was not found in the design.
run 100 us
run: Time (s): cpu = 00:00:19 ; elapsed = 00:02:46 . Memory (MB): peak = 8643.836 ; gain = 0.000 ; free physical = 932 ; free virtual = 5387
close_sim
INFO: [Simtcl 6-16] Simulation closed
close_sim: Time (s): cpu = 00:02:51 ; elapsed = 00:00:07 . Memory (MB): peak = 8643.836 ; gain = 0.000 ; free physical = 1030 ; free virtual = 5485
exit
INFO: [Common 17-206] Exiting xsim at Thu Apr 16 15:29:36 2020...
