#-----------------------------------------------------------
# xsim v2019.2 (64-bit)
# SW Build 2700185 on Thu Oct 24 18:45:48 MDT 2019
# IP Build 2699827 on Thu Oct 24 21:16:38 MDT 2019
# Start of session at: Sat Apr 18 17:11:08 2020
# Process ID: 7802
# Current directory: /home/diegoaranda/Documents/Tesis/full_mode
# Command line: xsim -source {xsim.dir/top_tb_sim/xsim_script.tcl}
# Log file: /home/diegoaranda/Documents/Tesis/full_mode/xsim.log
# Journal file: /home/diegoaranda/Documents/Tesis/full_mode/xsim.jou
#-----------------------------------------------------------
start_gui
source xsim.dir/top_tb_sim/xsim_script.tcl
# set_param project.enableReportConfiguration 0
# load_feature core
# current_fileset
INFO: [IP_Flow 19-234] Refreshing IP repositories
INFO: [IP_Flow 19-1704] No user IP repositories specified
INFO: [IP_Flow 19-2313] Loaded Vivado IP repository '/home/diegoaranda/Xilinx/Vivado/2019.2/data/ip'.
current_fileset: Time (s): cpu = 00:00:09 ; elapsed = 00:00:06 . Memory (MB): peak = 8577.852 ; gain = 135.016 ; free physical = 978 ; free virtual = 5741
# xsim {top_tb_sim} -autoloadwcfg
Vivado Simulator 2019.2
Time resolution is 1 ps
open_wave_config /home/diegoaranda/Documents/Tesis/full_mode/top_tb_sim.wcfg
run 50 us
run: Time (s): cpu = 00:00:27 ; elapsed = 00:01:49 . Memory (MB): peak = 8752.367 ; gain = 129.578 ; free physical = 768 ; free virtual = 5533
close_sim
INFO: [Simtcl 6-16] Simulation closed
close_sim: Time (s): cpu = 00:01:53 ; elapsed = 00:00:07 . Memory (MB): peak = 8754.371 ; gain = 0.000 ; free physical = 814 ; free virtual = 5590
exit
INFO: [Common 17-206] Exiting xsim at Sat Apr 18 17:19:54 2020...
