#-----------------------------------------------------------
# xsim v2019.2 (64-bit)
# SW Build 2700185 on Thu Oct 24 18:45:48 MDT 2019
# IP Build 2699827 on Thu Oct 24 21:16:38 MDT 2019
# Start of session at: Tue May 12 17:20:38 2020
# Process ID: 7079
# Current directory: /home/diegoaranda/Documents/Tesis/full_mode
# Command line: xsim -source {xsim.dir/top_tb_sim/xsim_script.tcl}
# Log file: /home/diegoaranda/Documents/Tesis/full_mode/xsim.log
# Journal file: /home/diegoaranda/Documents/Tesis/full_mode/xsim.jou
#-----------------------------------------------------------
start_gui
source xsim.dir/top_tb_sim/xsim_script.tcl
# set_param project.enableReportConfiguration 0
# load_feature core
# current_fileset
INFO: [IP_Flow 19-234] Refreshing IP repositories
INFO: [IP_Flow 19-1704] No user IP repositories specified
INFO: [IP_Flow 19-2313] Loaded Vivado IP repository '/home/diegoaranda/Xilinx/Vivado/2019.2/data/ip'.
current_fileset: Time (s): cpu = 00:00:55 ; elapsed = 00:01:40 . Memory (MB): peak = 8583.676 ; gain = 137.020 ; free physical = 113 ; free virtual = 4863
# xsim {top_tb_sim} -autoloadwcfg
Vivado Simulator 2019.2
Time resolution is 1 ps
open_wave_config /home/diegoaranda/Documents/Tesis/full_mode/top_tb_sim.wcfg
WARNING: Simulation object /top_tb/write_clk was not found in the design.
WARNING: Simulation object /top_tb/re was not found in the design.
WARNING: Simulation object /top_tb/writable was not found in the design.
WARNING: Simulation object /top_tb/bandera was not found in the design.
WARNING: Simulation object /top_tb/dut/txusrclk1 was not found in the design.
WARNING: Simulation object /top_tb/dut/txusrclk0 was not found in the design.
WARNING: Simulation object /top_tb/dut/pll_lock was not found in the design.
WARNING: Simulation object /top_tb/dut/tx_init_done was not found in the design.
WARNING: Simulation object /top_tb/dut/tx_state was not found in the design.
WARNING: Simulation object /top_tb/dut/tx_singleencoder0_d was not found in the design.
WARNING: Simulation object /top_tb/dut/tx_singleencoder1_d was not found in the design.
WARNING: Simulation object /top_tb/dut/tx_singleencoder2_d was not found in the design.
WARNING: Simulation object /top_tb/dut/tx_singleencoder3_d was not found in the design.
WARNING: Simulation object /top_tb/dut/tx_singleencoder0_output was not found in the design.
WARNING: Simulation object /top_tb/dut/tx_singleencoder1_output was not found in the design.
WARNING: Simulation object /top_tb/dut/tx_singleencoder2_output was not found in the design.
WARNING: Simulation object /top_tb/dut/tx_singleencoder3_output was not found in the design.
WARNING: Simulation object /top_tb/dut/txusrclk20 was not found in the design.
WARNING: Simulation object /top_tb/dut/tx_singleencoder0_disp_in was not found in the design.
WARNING: Simulation object /top_tb/dut/tx_singleencoder1_disp_in was not found in the design.
WARNING: Simulation object /top_tb/dut/tx_singleencoder2_disp_in was not found in the design.
WARNING: Simulation object /top_tb/dut/tx_singleencoder3_disp_in was not found in the design.
WARNING: Simulation object /top_tb/dut/tx_singleencoder0_disp_out was not found in the design.
WARNING: Simulation object /top_tb/dut/tx_singleencoder1_disp_out was not found in the design.
WARNING: Simulation object /top_tb/dut/tx_singleencoder2_disp_out was not found in the design.
WARNING: Simulation object /top_tb/dut/tx_singleencoder3_disp_out was not found in the design.
open_wave_config: Time (s): cpu = 00:00:19 ; elapsed = 00:00:26 . Memory (MB): peak = 8622.543 ; gain = 32.016 ; free physical = 110 ; free virtual = 4733
xsim: Time (s): cpu = 00:02:13 ; elapsed = 00:02:58 . Memory (MB): peak = 8622.543 ; gain = 38.867 ; free physical = 121 ; free virtual = 4726
run 2.5 ms
run: Time (s): cpu = 00:00:02 ; elapsed = 00:00:11 . Memory (MB): peak = 8622.543 ; gain = 0.000 ; free physical = 168 ; free virtual = 4752
run 50 us
run: Time (s): cpu = 00:00:06 ; elapsed = 00:00:21 . Memory (MB): peak = 8622.543 ; gain = 0.000 ; free physical = 156 ; free virtual = 4741
run 50 us
run: Time (s): cpu = 00:00:19 ; elapsed = 00:01:45 . Memory (MB): peak = 8629.539 ; gain = 2.000 ; free physical = 123 ; free virtual = 4710
save_wave_config {/home/diegoaranda/Documents/Tesis/full_mode/top_tb_sim.wcfg}
close_sim
INFO: [Simtcl 6-16] Simulation closed
close_sim: Time (s): cpu = 00:03:11 ; elapsed = 00:01:40 . Memory (MB): peak = 8629.539 ; gain = 0.000 ; free physical = 289 ; free virtual = 4787
exit
INFO: [Common 17-206] Exiting xsim at Tue May 12 17:46:23 2020...
