#-----------------------------------------------------------
# xsim v2019.2 (64-bit)
# SW Build 2700185 on Thu Oct 24 18:45:48 MDT 2019
# IP Build 2699827 on Thu Oct 24 21:16:38 MDT 2019
# Start of session at: Thu May 28 15:28:46 2020
# Process ID: 14665
# Current directory: /home/diegoaranda/Documents/tesis/full_mode
# Command line: xsim -source {xsim.dir/top_tb_sim/xsim_script.tcl}
# Log file: /home/diegoaranda/Documents/tesis/full_mode/xsim.log
# Journal file: /home/diegoaranda/Documents/tesis/full_mode/xsim.jou
#-----------------------------------------------------------
start_gui
source xsim.dir/top_tb_sim/xsim_script.tcl
# set_param project.enableReportConfiguration 0
# load_feature core
# current_fileset
INFO: [IP_Flow 19-234] Refreshing IP repositories
INFO: [IP_Flow 19-1704] No user IP repositories specified
INFO: [IP_Flow 19-2313] Loaded Vivado IP repository '/home/diegoaranda/Xilinx/Vivado/2019.2/data/ip'.
current_fileset: Time (s): cpu = 00:00:10 ; elapsed = 00:00:07 . Memory (MB): peak = 8582.902 ; gain = 130.016 ; free physical = 502 ; free virtual = 5152
# xsim {top_tb_sim} -autoloadwcfg
Vivado Simulator 2019.2
Time resolution is 1 ps
open_wave_config /home/diegoaranda/Documents/tesis/full_mode/top_tb_sim.wcfg
xsim: Time (s): cpu = 00:00:09 ; elapsed = 00:00:05 . Memory (MB): peak = 8625.770 ; gain = 42.867 ; free physical = 398 ; free virtual = 5049
run 30 us
run: Time (s): cpu = 00:00:13 ; elapsed = 00:00:45 . Memory (MB): peak = 8625.770 ; gain = 0.000 ; free physical = 400 ; free virtual = 5052
close_sim
INFO: [Simtcl 6-16] Simulation closed
close_sim: Time (s): cpu = 00:00:50 ; elapsed = 00:00:07 . Memory (MB): peak = 8737.039 ; gain = 0.000 ; free physical = 456 ; free virtual = 5108
exit
INFO: [Common 17-206] Exiting xsim at Thu May 28 15:32:06 2020...
