#-----------------------------------------------------------
# xsim v2019.2 (64-bit)
# SW Build 2700185 on Thu Oct 24 18:45:48 MDT 2019
# IP Build 2699827 on Thu Oct 24 21:16:38 MDT 2019
# Start of session at: Sat Apr 18 18:44:14 2020
# Process ID: 4039
# Current directory: /home/diegoaranda/Documents/Tesis/full_mode
# Command line: xsim -source {xsim.dir/top_tb_sim/xsim_script.tcl}
# Log file: /home/diegoaranda/Documents/Tesis/full_mode/xsim.log
# Journal file: /home/diegoaranda/Documents/Tesis/full_mode/xsim.jou
#-----------------------------------------------------------
start_gui
source xsim.dir/top_tb_sim/xsim_script.tcl
# set_param project.enableReportConfiguration 0
# load_feature core
# current_fileset
INFO: [IP_Flow 19-234] Refreshing IP repositories
INFO: [IP_Flow 19-1704] No user IP repositories specified
INFO: [IP_Flow 19-2313] Loaded Vivado IP repository '/home/diegoaranda/Xilinx/Vivado/2019.2/data/ip'.
current_fileset: Time (s): cpu = 00:00:34 ; elapsed = 00:00:51 . Memory (MB): peak = 8583.578 ; gain = 132.016 ; free physical = 1210 ; free virtual = 5791
# xsim {top_tb_sim} -autoloadwcfg
Vivado Simulator 2019.2
Time resolution is 1 ps
open_wave_config /home/diegoaranda/Documents/Tesis/full_mode/top_tb_sim.wcfg
xsim: Time (s): cpu = 00:00:21 ; elapsed = 00:00:21 . Memory (MB): peak = 8627.449 ; gain = 43.871 ; free physical = 1083 ; free virtual = 5666
run 50 us
run: Time (s): cpu = 00:01:43 ; elapsed = 00:03:37 . Memory (MB): peak = 8747.391 ; gain = 5.676 ; free physical = 967 ; free virtual = 5554
