#-----------------------------------------------------------
# xsim v2019.2 (64-bit)
# SW Build 2700185 on Thu Oct 24 18:45:48 MDT 2019
# IP Build 2699827 on Thu Oct 24 21:16:38 MDT 2019
# Start of session at: Thu May 28 15:22:00 2020
# Process ID: 13913
# Current directory: /home/diegoaranda/Documents/tesis/full_mode
# Command line: xsim -source {xsim.dir/top_tb_sim/xsim_script.tcl}
# Log file: /home/diegoaranda/Documents/tesis/full_mode/xsim.log
# Journal file: /home/diegoaranda/Documents/tesis/full_mode/xsim.jou
#-----------------------------------------------------------
start_gui
source xsim.dir/top_tb_sim/xsim_script.tcl
# set_param project.enableReportConfiguration 0
# load_feature core
# current_fileset
INFO: [IP_Flow 19-234] Refreshing IP repositories
INFO: [IP_Flow 19-1704] No user IP repositories specified
INFO: [IP_Flow 19-2313] Loaded Vivado IP repository '/home/diegoaranda/Xilinx/Vivado/2019.2/data/ip'.
current_fileset: Time (s): cpu = 00:00:09 ; elapsed = 00:00:07 . Memory (MB): peak = 8578.234 ; gain = 135.020 ; free physical = 819 ; free virtual = 5305
# xsim {top_tb_sim} -autoloadwcfg
Vivado Simulator 2019.2
Time resolution is 1 ps
open_wave_config /home/diegoaranda/Documents/tesis/full_mode/top_tb_sim.wcfg
