#-----------------------------------------------------------
# xsim v2019.2 (64-bit)
# SW Build 2700185 on Thu Oct 24 18:45:48 MDT 2019
# IP Build 2699827 on Thu Oct 24 21:16:38 MDT 2019
# Start of session at: Fri Apr 24 11:54:26 2020
# Process ID: 5080
# Current directory: /home/diegoaranda/Documents/Tesis/full_mode
# Command line: xsim -source {xsim.dir/top_tb_sim/xsim_script.tcl}
# Log file: /home/diegoaranda/Documents/Tesis/full_mode/xsim.log
# Journal file: /home/diegoaranda/Documents/Tesis/full_mode/xsim.jou
#-----------------------------------------------------------
start_gui
source xsim.dir/top_tb_sim/xsim_script.tcl
# set_param project.enableReportConfiguration 0
# load_feature core
# current_fileset
INFO: [IP_Flow 19-234] Refreshing IP repositories
INFO: [IP_Flow 19-1704] No user IP repositories specified
INFO: [IP_Flow 19-2313] Loaded Vivado IP repository '/home/diegoaranda/Xilinx/Vivado/2019.2/data/ip'.
current_fileset: Time (s): cpu = 00:00:34 ; elapsed = 00:01:01 . Memory (MB): peak = 8583.578 ; gain = 132.016 ; free physical = 390 ; free virtual = 5356
# xsim {top_tb_sim} -autoloadwcfg
Vivado Simulator 2019.2
Time resolution is 1 ps
open_wave_config /home/diegoaranda/Documents/Tesis/full_mode/top_tb_sim.wcfg
WARNING: Simulation object /top_tb/write_clk was not found in the design.
WARNING: Simulation object /top_tb/re was not found in the design.
WARNING: Simulation object /top_tb/writable was not found in the design.
WARNING: Simulation object /top_tb/bandera was not found in the design.
xsim: Time (s): cpu = 00:00:12 ; elapsed = 00:00:07 . Memory (MB): peak = 8632.453 ; gain = 48.875 ; free physical = 278 ; free virtual = 5246
run 50 us
run: Time (s): cpu = 00:00:32 ; elapsed = 00:02:11 . Memory (MB): peak = 8632.453 ; gain = 0.000 ; free physical = 206 ; free virtual = 5176
close_sim
INFO: [Simtcl 6-16] Simulation closed
close_sim: Time (s): cpu = 00:02:13 ; elapsed = 00:00:12 . Memory (MB): peak = 8632.453 ; gain = 0.000 ; free physical = 301 ; free virtual = 5269
exit
INFO: [Common 17-206] Exiting xsim at Fri Apr 24 12:00:06 2020...
