#-----------------------------------------------------------
# xsim v2019.2 (64-bit)
# SW Build 2700185 on Thu Oct 24 18:45:48 MDT 2019
# IP Build 2699827 on Thu Oct 24 21:16:38 MDT 2019
# Start of session at: Tue Jun  2 15:00:10 2020
# Process ID: 24064
# Current directory: /home/diegoaranda/Documents/Tesis/tesis/full_mode
# Command line: xsim -source {xsim.dir/top_tb_sim/xsim_script.tcl}
# Log file: /home/diegoaranda/Documents/Tesis/tesis/full_mode/xsim.log
# Journal file: /home/diegoaranda/Documents/Tesis/tesis/full_mode/xsim.jou
#-----------------------------------------------------------
start_gui
source xsim.dir/top_tb_sim/xsim_script.tcl
# set_param project.enableReportConfiguration 0
# load_feature core
# current_fileset
INFO: [IP_Flow 19-234] Refreshing IP repositories
INFO: [IP_Flow 19-1704] No user IP repositories specified
INFO: [IP_Flow 19-2313] Loaded Vivado IP repository '/home/diegoaranda/Xilinx/Vivado/2019.2/data/ip'.
current_fileset: Time (s): cpu = 00:00:14 ; elapsed = 00:00:11 . Memory (MB): peak = 8524.586 ; gain = 89.031 ; free physical = 376 ; free virtual = 5227
# xsim {top_tb_sim} -autoloadwcfg
Vivado Simulator 2019.2
Time resolution is 1 ps
open_wave_config /home/diegoaranda/Documents/Tesis/tesis/full_mode/top_tb_sim.wcfg
xsim: Time (s): cpu = 00:00:11 ; elapsed = 00:00:06 . Memory (MB): peak = 8616.445 ; gain = 91.859 ; free physical = 260 ; free virtual = 5111
run 20 us
run: Time (s): cpu = 00:00:24 ; elapsed = 00:01:02 . Memory (MB): peak = 8724.707 ; gain = 108.262 ; free physical = 213 ; free virtual = 5062
restart
INFO: [Simtcl 6-17] Simulation restarted
run 20 us
run: Time (s): cpu = 00:00:03 ; elapsed = 00:00:35 . Memory (MB): peak = 8744.711 ; gain = 0.000 ; free physical = 501 ; free virtual = 4965
run 20 us
run: Time (s): cpu = 00:00:01 ; elapsed = 00:00:09 . Memory (MB): peak = 8744.711 ; gain = 0.000 ; free physical = 499 ; free virtual = 4963
restart
INFO: [Simtcl 6-17] Simulation restarted
run 20 us
run: Time (s): cpu = 00:00:09 ; elapsed = 00:00:41 . Memory (MB): peak = 8744.711 ; gain = 0.000 ; free physical = 465 ; free virtual = 4929
restart
INFO: [Simtcl 6-17] Simulation restarted
run 20 us
run: Time (s): cpu = 00:00:03 ; elapsed = 00:00:39 . Memory (MB): peak = 8744.711 ; gain = 0.000 ; free physical = 432 ; free virtual = 4897
save_wave_config {/home/diegoaranda/Documents/Tesis/tesis/full_mode/top_tb_sim.wcfg}
run 20 us
run: Time (s): cpu = 00:00:04 ; elapsed = 00:00:15 . Memory (MB): peak = 8744.711 ; gain = 0.000 ; free physical = 703 ; free virtual = 4810
save_wave_config {/home/diegoaranda/Documents/Tesis/tesis/full_mode/top_tb_sim.wcfg}
close_sim
INFO: [Simtcl 6-16] Simulation closed
close_sim: Time (s): cpu = 00:03:13 ; elapsed = 00:00:12 . Memory (MB): peak = 8744.711 ; gain = 0.000 ; free physical = 1246 ; free virtual = 5359
exit
INFO: [Common 17-206] Exiting xsim at Tue Jun  2 17:24:36 2020...
