#-----------------------------------------------------------
# Vivado v2019.2 (64-bit)
# SW Build 2700185 on Thu Oct 24 18:45:48 MDT 2019
# IP Build 2699827 on Thu Oct 24 21:16:38 MDT 2019
# Start of session at: Sat Jan  4 13:06:52 2020
# Process ID: 7186
# Current directory: /home/diegoaranda/Documents/Tesis/Manuel/build
# Command line: vivado -mode batch -source top.tcl
# Log file: /home/diegoaranda/Documents/Tesis/Manuel/build/vivado.log
# Journal file: /home/diegoaranda/Documents/Tesis/Manuel/build/vivado.jou
#-----------------------------------------------------------
source top.tcl
# create_project -force -name top -part xc7a200t-sbg484-1
# set_msg_config -id {Common 17-55} -new_severity {Warning}
# read_verilog {/home/diegoaranda/Documents/Tesis/Manuel/build/top.v}
# read_xdc top.xdc
# synth_design -directive default -top top -part xc7a200t-sbg484-1
Command: synth_design -directive default -top top -part xc7a200t-sbg484-1
Starting synth_design
Attempting to get a license for feature 'Synthesis' and/or device 'xc7a200t'
INFO: [Common 17-349] Got license for feature 'Synthesis' and/or device 'xc7a200t'
INFO: [Device 21-403] Loading part xc7a200tsbg484-1
INFO: Launching helper process for spawning children vivado processes
INFO: Helper process launched with PID 7202 
---------------------------------------------------------------------------------
Starting RTL Elaboration : Time (s): cpu = 00:00:04 ; elapsed = 00:00:09 . Memory (MB): peak = 2089.047 ; gain = 201.711 ; free physical = 168 ; free virtual = 2958
---------------------------------------------------------------------------------
INFO: [Synth 8-6157] synthesizing module 'top' [/home/diegoaranda/Documents/Tesis/Manuel/build/top.v:4]
INFO: [Synth 8-5534] Detected attribute (* dont_touch = "true" *) [/home/diegoaranda/Documents/Tesis/Manuel/build/top.v:13]
INFO: [Synth 8-6155] done synthesizing module 'top' (1#1) [/home/diegoaranda/Documents/Tesis/Manuel/build/top.v:4]
---------------------------------------------------------------------------------
Finished RTL Elaboration : Time (s): cpu = 00:00:05 ; elapsed = 00:00:12 . Memory (MB): peak = 2150.801 ; gain = 263.465 ; free physical = 222 ; free virtual = 2990
---------------------------------------------------------------------------------

Report Check Netlist: 
+------+------------------+-------+---------+-------+------------------+
|      |Item              |Errors |Warnings |Status |Description       |
+------+------------------+-------+---------+-------+------------------+
|1     |multi_driven_nets |      0|        0|Passed |Multi driven nets |
+------+------------------+-------+---------+-------+------------------+
---------------------------------------------------------------------------------
Start Handling Custom Attributes
---------------------------------------------------------------------------------
---------------------------------------------------------------------------------
Finished Handling Custom Attributes : Time (s): cpu = 00:00:06 ; elapsed = 00:00:13 . Memory (MB): peak = 2156.734 ; gain = 269.398 ; free physical = 219 ; free virtual = 2987
---------------------------------------------------------------------------------
---------------------------------------------------------------------------------
Finished RTL Optimization Phase 1 : Time (s): cpu = 00:00:06 ; elapsed = 00:00:13 . Memory (MB): peak = 2156.734 ; gain = 269.398 ; free physical = 219 ; free virtual = 2987
---------------------------------------------------------------------------------
Netlist sorting complete. Time (s): cpu = 00:00:00 ; elapsed = 00:00:00.01 . Memory (MB): peak = 2156.734 ; gain = 0.000 ; free physical = 201 ; free virtual = 2981
INFO: [Project 1-570] Preparing netlist for logic optimization

Processing XDC Constraints
Initializing timing engine
Parsing XDC File [/home/diegoaranda/Documents/Tesis/Manuel/build/top.xdc]
Finished Parsing XDC File [/home/diegoaranda/Documents/Tesis/Manuel/build/top.xdc]
INFO: [Project 1-236] Implementation specific constraints were found while reading constraint file [/home/diegoaranda/Documents/Tesis/Manuel/build/top.xdc]. These constraints will be ignored for synthesis but will be used in implementation. Impacted constraints are listed in the file [.Xil/top_propImpl.xdc].
Resolution: To avoid this warning, move constraints listed in [.Xil/top_propImpl.xdc] to another XDC file and exclude this new file from synthesis with the used_in_synthesis property (File Properties dialog in GUI) and re-run elaboration/synthesis.
Completed Processing XDC Constraints

Netlist sorting complete. Time (s): cpu = 00:00:00 ; elapsed = 00:00:00 . Memory (MB): peak = 2248.492 ; gain = 0.000 ; free physical = 118 ; free virtual = 2893
INFO: [Project 1-111] Unisim Transformation Summary:
No Unisim elements were transformed.

Constraint Validation Runtime : Time (s): cpu = 00:00:00.01 ; elapsed = 00:00:00 . Memory (MB): peak = 2248.492 ; gain = 0.000 ; free physical = 118 ; free virtual = 2893
---------------------------------------------------------------------------------
Finished Constraint Validation : Time (s): cpu = 00:00:12 ; elapsed = 00:00:26 . Memory (MB): peak = 2248.492 ; gain = 361.156 ; free physical = 186 ; free virtual = 2964
---------------------------------------------------------------------------------
---------------------------------------------------------------------------------
Start Loading Part and Timing Information
---------------------------------------------------------------------------------
Loading part: xc7a200tsbg484-1
---------------------------------------------------------------------------------
Finished Loading Part and Timing Information : Time (s): cpu = 00:00:12 ; elapsed = 00:00:26 . Memory (MB): peak = 2248.492 ; gain = 361.156 ; free physical = 186 ; free virtual = 2964
---------------------------------------------------------------------------------
---------------------------------------------------------------------------------
Start Applying 'set_property' XDC Constraints
---------------------------------------------------------------------------------
---------------------------------------------------------------------------------
Finished applying 'set_property' XDC Constraints : Time (s): cpu = 00:00:12 ; elapsed = 00:00:26 . Memory (MB): peak = 2248.492 ; gain = 361.156 ; free physical = 186 ; free virtual = 2964
---------------------------------------------------------------------------------
---------------------------------------------------------------------------------
Finished RTL Optimization Phase 2 : Time (s): cpu = 00:00:12 ; elapsed = 00:00:26 . Memory (MB): peak = 2248.496 ; gain = 361.160 ; free physical = 178 ; free virtual = 2957
---------------------------------------------------------------------------------

Report RTL Partitions: 
+-+--------------+------------+----------+
| |RTL Partition |Replication |Instances |
+-+--------------+------------+----------+
+-+--------------+------------+----------+
---------------------------------------------------------------------------------
Start RTL Component Statistics 
---------------------------------------------------------------------------------
Detailed RTL Component Info : 
+---Adders : 
	   2 Input     25 Bit       Adders := 1     
	   2 Input      8 Bit       Adders := 1     
+---Registers : 
	               25 Bit    Registers := 1     
	                8 Bit    Registers := 1     
	                1 Bit    Registers := 1     
---------------------------------------------------------------------------------
Finished RTL Component Statistics 
---------------------------------------------------------------------------------
---------------------------------------------------------------------------------
Start RTL Hierarchical Component Statistics 
---------------------------------------------------------------------------------
Hierarchical RTL Component report 
Module top 
Detailed RTL Component Info : 
+---Adders : 
	   2 Input     25 Bit       Adders := 1     
	   2 Input      8 Bit       Adders := 1     
+---Registers : 
	               25 Bit    Registers := 1     
	                8 Bit    Registers := 1     
	                1 Bit    Registers := 1     
---------------------------------------------------------------------------------
Finished RTL Hierarchical Component Statistics
---------------------------------------------------------------------------------
---------------------------------------------------------------------------------
Start Part Resource Summary
---------------------------------------------------------------------------------
Part Resources:
DSPs: 740 (col length:100)
BRAMs: 730 (col length: RAMB18 100 RAMB36 50)
---------------------------------------------------------------------------------
Finished Part Resource Summary
---------------------------------------------------------------------------------
---------------------------------------------------------------------------------
Start Cross Boundary and Area Optimization
---------------------------------------------------------------------------------
Warning: Parallel synthesis criteria is not met 
---------------------------------------------------------------------------------
Finished Cross Boundary and Area Optimization : Time (s): cpu = 00:00:13 ; elapsed = 00:00:27 . Memory (MB): peak = 2248.496 ; gain = 361.160 ; free physical = 161 ; free virtual = 2947
---------------------------------------------------------------------------------

Report RTL Partitions: 
+-+--------------+------------+----------+
| |RTL Partition |Replication |Instances |
+-+--------------+------------+----------+
+-+--------------+------------+----------+
---------------------------------------------------------------------------------
Start Applying XDC Timing Constraints
---------------------------------------------------------------------------------
---------------------------------------------------------------------------------
Finished Applying XDC Timing Constraints : Time (s): cpu = 00:00:20 ; elapsed = 00:00:40 . Memory (MB): peak = 2248.496 ; gain = 361.160 ; free physical = 106 ; free virtual = 2827
---------------------------------------------------------------------------------
---------------------------------------------------------------------------------
Start Timing Optimization
---------------------------------------------------------------------------------
---------------------------------------------------------------------------------
Finished Timing Optimization : Time (s): cpu = 00:00:20 ; elapsed = 00:00:40 . Memory (MB): peak = 2248.496 ; gain = 361.160 ; free physical = 123 ; free virtual = 2825
---------------------------------------------------------------------------------

Report RTL Partitions: 
+-+--------------+------------+----------+
| |RTL Partition |Replication |Instances |
+-+--------------+------------+----------+
+-+--------------+------------+----------+
---------------------------------------------------------------------------------
Start Technology Mapping
---------------------------------------------------------------------------------
---------------------------------------------------------------------------------
Finished Technology Mapping : Time (s): cpu = 00:00:20 ; elapsed = 00:00:40 . Memory (MB): peak = 2248.496 ; gain = 361.160 ; free physical = 123 ; free virtual = 2825
---------------------------------------------------------------------------------

Report RTL Partitions: 
+-+--------------+------------+----------+
| |RTL Partition |Replication |Instances |
+-+--------------+------------+----------+
+-+--------------+------------+----------+
---------------------------------------------------------------------------------
Start IO Insertion
---------------------------------------------------------------------------------
---------------------------------------------------------------------------------
Start Flattening Before IO Insertion
---------------------------------------------------------------------------------
---------------------------------------------------------------------------------
Finished Flattening Before IO Insertion
---------------------------------------------------------------------------------
---------------------------------------------------------------------------------
Start Final Netlist Cleanup
---------------------------------------------------------------------------------
---------------------------------------------------------------------------------
Finished Final Netlist Cleanup
---------------------------------------------------------------------------------
WARNING: [Synth 8-5396] Clock pin C has keep related attribute (keep/mark_debug/dont_touch) which could create extra logic on its net [/home/diegoaranda/Documents/Tesis/Manuel/build/top.v:23]
---------------------------------------------------------------------------------
Finished IO Insertion : Time (s): cpu = 00:00:24 ; elapsed = 00:00:44 . Memory (MB): peak = 2248.496 ; gain = 361.160 ; free physical = 118 ; free virtual = 2819
---------------------------------------------------------------------------------
---------------------------------------------------------------------------------
Start Renaming Generated Instances
---------------------------------------------------------------------------------
---------------------------------------------------------------------------------
Finished Renaming Generated Instances : Time (s): cpu = 00:00:24 ; elapsed = 00:00:44 . Memory (MB): peak = 2248.496 ; gain = 361.160 ; free physical = 118 ; free virtual = 2819
---------------------------------------------------------------------------------

Report RTL Partitions: 
+-+--------------+------------+----------+
| |RTL Partition |Replication |Instances |
+-+--------------+------------+----------+
+-+--------------+------------+----------+

Report Check Netlist: 
+------+------------------+-------+---------+-------+------------------+
|      |Item              |Errors |Warnings |Status |Description       |
+------+------------------+-------+---------+-------+------------------+
|1     |multi_driven_nets |      0|        0|Passed |Multi driven nets |
+------+------------------+-------+---------+-------+------------------+
---------------------------------------------------------------------------------
Start Rebuilding User Hierarchy
---------------------------------------------------------------------------------
---------------------------------------------------------------------------------
Finished Rebuilding User Hierarchy : Time (s): cpu = 00:00:24 ; elapsed = 00:00:44 . Memory (MB): peak = 2248.496 ; gain = 361.160 ; free physical = 118 ; free virtual = 2819
---------------------------------------------------------------------------------
---------------------------------------------------------------------------------
Start Renaming Generated Ports
---------------------------------------------------------------------------------
---------------------------------------------------------------------------------
Finished Renaming Generated Ports : Time (s): cpu = 00:00:24 ; elapsed = 00:00:44 . Memory (MB): peak = 2248.496 ; gain = 361.160 ; free physical = 118 ; free virtual = 2819
---------------------------------------------------------------------------------
---------------------------------------------------------------------------------
Start Handling Custom Attributes
---------------------------------------------------------------------------------
---------------------------------------------------------------------------------
Finished Handling Custom Attributes : Time (s): cpu = 00:00:24 ; elapsed = 00:00:44 . Memory (MB): peak = 2248.496 ; gain = 361.160 ; free physical = 118 ; free virtual = 2819
---------------------------------------------------------------------------------
---------------------------------------------------------------------------------
Start Renaming Generated Nets
---------------------------------------------------------------------------------
---------------------------------------------------------------------------------
Finished Renaming Generated Nets : Time (s): cpu = 00:00:24 ; elapsed = 00:00:44 . Memory (MB): peak = 2248.496 ; gain = 361.160 ; free physical = 118 ; free virtual = 2819
---------------------------------------------------------------------------------
---------------------------------------------------------------------------------
Start Writing Synthesis Report
---------------------------------------------------------------------------------

Report BlackBoxes: 
+-+--------------+----------+
| |BlackBox name |Instances |
+-+--------------+----------+
+-+--------------+----------+

Report Cell Usage: 
+------+-------+------+
|      |Cell   |Count |
+------+-------+------+
|1     |BUFG   |     1|
|2     |CARRY4 |     6|
|3     |LUT1   |    25|
|4     |LUT2   |     2|
|5     |LUT3   |     2|
|6     |LUT4   |     1|
|7     |LUT5   |     2|
|8     |LUT6   |    31|
|9     |FDRE   |    34|
|10    |IBUF   |     1|
|11    |OBUF   |     8|
+------+-------+------+

Report Instance Areas: 
+------+---------+-------+------+
|      |Instance |Module |Cells |
+------+---------+-------+------+
|1     |top      |       |   113|
+------+---------+-------+------+
---------------------------------------------------------------------------------
Finished Writing Synthesis Report : Time (s): cpu = 00:00:24 ; elapsed = 00:00:44 . Memory (MB): peak = 2248.496 ; gain = 361.160 ; free physical = 118 ; free virtual = 2819
---------------------------------------------------------------------------------
Synthesis finished with 0 errors, 0 critical warnings and 1 warnings.
Synthesis Optimization Runtime : Time (s): cpu = 00:00:22 ; elapsed = 00:00:40 . Memory (MB): peak = 2248.496 ; gain = 269.402 ; free physical = 171 ; free virtual = 2872
Synthesis Optimization Complete : Time (s): cpu = 00:00:24 ; elapsed = 00:00:44 . Memory (MB): peak = 2248.496 ; gain = 361.160 ; free physical = 171 ; free virtual = 2872
INFO: [Project 1-571] Translating synthesized netlist
Netlist sorting complete. Time (s): cpu = 00:00:00 ; elapsed = 00:00:00 . Memory (MB): peak = 2248.496 ; gain = 0.000 ; free physical = 240 ; free virtual = 2942
INFO: [Netlist 29-17] Analyzing 6 Unisim elements for replacement
INFO: [Netlist 29-28] Unisim Transformation completed in 0 CPU seconds
INFO: [Project 1-570] Preparing netlist for logic optimization
Parsing XDC File [/home/diegoaranda/Documents/Tesis/Manuel/build/top.xdc]
Finished Parsing XDC File [/home/diegoaranda/Documents/Tesis/Manuel/build/top.xdc]
INFO: [Opt 31-138] Pushed 0 inverter(s) to 0 load pin(s).
Netlist sorting complete. Time (s): cpu = 00:00:00 ; elapsed = 00:00:00 . Memory (MB): peak = 2266.305 ; gain = 0.000 ; free physical = 159 ; free virtual = 2879
INFO: [Project 1-111] Unisim Transformation Summary:
No Unisim elements were transformed.

INFO: [Common 17-83] Releasing license: Synthesis
15 Infos, 1 Warnings, 0 Critical Warnings and 0 Errors encountered.
synth_design completed successfully
synth_design: Time (s): cpu = 00:00:34 ; elapsed = 00:01:00 . Memory (MB): peak = 2266.305 ; gain = 676.484 ; free physical = 285 ; free virtual = 3011
# report_timing_summary -file top_timing_synth.rpt
INFO: [Timing 38-35] Done setting XDC timing constraints.
INFO: [Timing 38-91] UpdateTimingParams: Speed grade: -1, Delay Type: min_max.
INFO: [Timing 38-191] Multithreading enabled for timing update using a maximum of 2 CPUs
report_timing_summary: Time (s): cpu = 00:00:04 ; elapsed = 00:00:08 . Memory (MB): peak = 2564.484 ; gain = 298.180 ; free physical = 128 ; free virtual = 2686
# report_utilization -hierarchical -file top_utilization_hierarchical_synth.rpt
# report_utilization -file top_utilization_synth.rpt
# opt_design -directive default
Command: opt_design -directive default
INFO: [Vivado_Tcl 4-136] Directive used for opt_design is: default
Attempting to get a license for feature 'Implementation' and/or device 'xc7a200t'
INFO: [Common 17-349] Got license for feature 'Implementation' and/or device 'xc7a200t'
Running DRC as a precondition to command opt_design

Starting DRC Task
INFO: [DRC 23-27] Running DRC with 2 threads
INFO: [Project 1-461] DRC finished with 0 Errors
INFO: [Project 1-462] Please refer to the DRC report (report_drc) for more information.

Time (s): cpu = 00:00:02 ; elapsed = 00:00:05 . Memory (MB): peak = 2602.277 ; gain = 37.793 ; free physical = 119 ; free virtual = 2682

Starting Cache Timing Information Task
Ending Cache Timing Information Task | Checksum: 22abb9ed6

Time (s): cpu = 00:00:00 ; elapsed = 00:00:00.11 . Memory (MB): peak = 2602.277 ; gain = 0.000 ; free physical = 117 ; free virtual = 2683

Starting Logic Optimization Task

Phase 1 Retarget
INFO: [Opt 31-138] Pushed 0 inverter(s) to 0 load pin(s).
INFO: [Opt 31-49] Retargeted 0 cell(s).
Phase 1 Retarget | Checksum: 22abb9ed6

Time (s): cpu = 00:00:00.02 ; elapsed = 00:00:00.02 . Memory (MB): peak = 2712.273 ; gain = 0.004 ; free physical = 139 ; free virtual = 2552
INFO: [Opt 31-389] Phase Retarget created 0 cells and removed 0 cells
INFO: [Opt 31-1021] In phase Retarget, 1 netlist objects are constrained preventing optimization. Please run opt_design with -debug_log to get more detail. 

Phase 2 Constant propagation
INFO: [Opt 31-138] Pushed 0 inverter(s) to 0 load pin(s).
Phase 2 Constant propagation | Checksum: 22abb9ed6

Time (s): cpu = 00:00:00.02 ; elapsed = 00:00:00.03 . Memory (MB): peak = 2712.273 ; gain = 0.004 ; free physical = 139 ; free virtual = 2552
INFO: [Opt 31-389] Phase Constant propagation created 0 cells and removed 0 cells

Phase 3 Sweep
Phase 3 Sweep | Checksum: 14e4ca685

Time (s): cpu = 00:00:00.02 ; elapsed = 00:00:00.06 . Memory (MB): peak = 2712.273 ; gain = 0.004 ; free physical = 129 ; free virtual = 2552
INFO: [Opt 31-389] Phase Sweep created 0 cells and removed 0 cells
INFO: [Opt 31-1021] In phase Sweep, 2 netlist objects are constrained preventing optimization. Please run opt_design with -debug_log to get more detail. 

Phase 4 BUFG optimization
INFO: [Opt 31-1112] Starts optimizing BUFG(s) with a common MMCM/DPLL/XPLL driver.
INFO: [Opt 31-1112] Starts optimizing BUFG(s) with a common driver.
INFO: [Opt 31-1092] Phase BUFG optimization transformed 0 BUFG(s) to MBUFG(s).
Phase 4 BUFG optimization | Checksum: 14e4ca685

Time (s): cpu = 00:00:00.03 ; elapsed = 00:00:00.14 . Memory (MB): peak = 2712.273 ; gain = 0.004 ; free physical = 128 ; free virtual = 2552
INFO: [Opt 31-662] Phase BUFG optimization created 0 cells of which 0 are BUFGs and removed 0 cells.
INFO: [Opt 31-1021] In phase BUFG optimization, 1 netlist objects are constrained preventing optimization. Please run opt_design with -debug_log to get more detail. 

Phase 5 Shift Register Optimization
INFO: [Opt 31-1064] SRL Remap converted 0 SRLs to 0 registers and converted 0 registers of register chains to 0 SRLs
Phase 5 Shift Register Optimization | Checksum: 14e4ca685

Time (s): cpu = 00:00:00.03 ; elapsed = 00:00:00.14 . Memory (MB): peak = 2712.273 ; gain = 0.004 ; free physical = 128 ; free virtual = 2552
INFO: [Opt 31-389] Phase Shift Register Optimization created 0 cells and removed 0 cells

Phase 6 Post Processing Netlist
Phase 6 Post Processing Netlist | Checksum: 14e4ca685

Time (s): cpu = 00:00:00.03 ; elapsed = 00:00:00.14 . Memory (MB): peak = 2712.273 ; gain = 0.004 ; free physical = 128 ; free virtual = 2552
INFO: [Opt 31-389] Phase Post Processing Netlist created 0 cells and removed 0 cells
Opt_design Change Summary
=========================


-------------------------------------------------------------------------------------------------------------------------
|  Phase                        |  #Cells created  |  #Cells Removed  |  #Constrained objects preventing optimizations  |
-------------------------------------------------------------------------------------------------------------------------
|  Retarget                     |               0  |               0  |                                              1  |
|  Constant propagation         |               0  |               0  |                                              0  |
|  Sweep                        |               0  |               0  |                                              2  |
|  BUFG optimization            |               0  |               0  |                                              1  |
|  Shift Register Optimization  |               0  |               0  |                                              0  |
|  Post Processing Netlist      |               0  |               0  |                                              0  |
-------------------------------------------------------------------------------------------------------------------------



Starting Connectivity Check Task

Time (s): cpu = 00:00:00 ; elapsed = 00:00:00 . Memory (MB): peak = 2712.273 ; gain = 0.000 ; free physical = 126 ; free virtual = 2552
Ending Logic Optimization Task | Checksum: 1a78c4fc3

Time (s): cpu = 00:00:00.04 ; elapsed = 00:00:00.16 . Memory (MB): peak = 2712.273 ; gain = 0.004 ; free physical = 126 ; free virtual = 2552

Starting Power Optimization Task
INFO: [Pwropt 34-132] Skipping clock gating for clocks with a period < 2.00 ns.
Ending Power Optimization Task | Checksum: 1a78c4fc3

Time (s): cpu = 00:00:00.02 ; elapsed = 00:00:00.05 . Memory (MB): peak = 2712.273 ; gain = 0.000 ; free physical = 125 ; free virtual = 2551

Starting Final Cleanup Task
Ending Final Cleanup Task | Checksum: 1a78c4fc3

Time (s): cpu = 00:00:00 ; elapsed = 00:00:00 . Memory (MB): peak = 2712.273 ; gain = 0.000 ; free physical = 125 ; free virtual = 2551

Starting Netlist Obfuscation Task
Netlist sorting complete. Time (s): cpu = 00:00:00 ; elapsed = 00:00:00 . Memory (MB): peak = 2712.273 ; gain = 0.000 ; free physical = 125 ; free virtual = 2551
Ending Netlist Obfuscation Task | Checksum: 1a78c4fc3

Time (s): cpu = 00:00:00 ; elapsed = 00:00:00 . Memory (MB): peak = 2712.273 ; gain = 0.000 ; free physical = 125 ; free virtual = 2551
INFO: [Common 17-83] Releasing license: Implementation
23 Infos, 0 Warnings, 0 Critical Warnings and 0 Errors encountered.
opt_design completed successfully
opt_design: Time (s): cpu = 00:00:04 ; elapsed = 00:00:08 . Memory (MB): peak = 2712.273 ; gain = 147.789 ; free physical = 125 ; free virtual = 2551
# place_design -directive default
Command: place_design -directive default
Attempting to get a license for feature 'Implementation' and/or device 'xc7a200t'
INFO: [Common 17-349] Got license for feature 'Implementation' and/or device 'xc7a200t'
INFO: [DRC 23-27] Running DRC with 2 threads
INFO: [Vivado_Tcl 4-198] DRC finished with 0 Errors
INFO: [Vivado_Tcl 4-199] Please refer to the DRC report (report_drc) for more information.
Running DRC as a precondition to command place_design
INFO: [DRC 23-27] Running DRC with 2 threads
INFO: [Vivado_Tcl 4-198] DRC finished with 0 Errors
INFO: [Vivado_Tcl 4-199] Please refer to the DRC report (report_drc) for more information.

Starting Placer Task
INFO: [Place 46-5] The placer was invoked with the 'default' directive.
INFO: [Place 30-611] Multithreading enabled for place_design using a maximum of 2 CPUs

Phase 1 Placer Initialization

Phase 1.1 Placer Initialization Netlist Sorting
Netlist sorting complete. Time (s): cpu = 00:00:00 ; elapsed = 00:00:00 . Memory (MB): peak = 2712.277 ; gain = 0.000 ; free physical = 113 ; free virtual = 2545
Phase 1.1 Placer Initialization Netlist Sorting | Checksum: 122685716

Time (s): cpu = 00:00:00 ; elapsed = 00:00:00.08 . Memory (MB): peak = 2712.277 ; gain = 0.000 ; free physical = 113 ; free virtual = 2545
Netlist sorting complete. Time (s): cpu = 00:00:00 ; elapsed = 00:00:00 . Memory (MB): peak = 2712.277 ; gain = 0.000 ; free physical = 112 ; free virtual = 2545

Phase 1.2 IO Placement/ Clock Placement/ Build Placer Device
INFO: [Timing 38-35] Done setting XDC timing constraints.
Phase 1.2 IO Placement/ Clock Placement/ Build Placer Device | Checksum: 5928a1f5

Time (s): cpu = 00:00:00.85 ; elapsed = 00:00:00.83 . Memory (MB): peak = 2712.277 ; gain = 0.000 ; free physical = 124 ; free virtual = 2538

Phase 1.3 Build Placer Netlist Model
Phase 1.3 Build Placer Netlist Model | Checksum: 112f3fd54

Time (s): cpu = 00:00:00.91 ; elapsed = 00:00:00.91 . Memory (MB): peak = 2712.277 ; gain = 0.000 ; free physical = 121 ; free virtual = 2537

Phase 1.4 Constrain Clocks/Macros
Phase 1.4 Constrain Clocks/Macros | Checksum: 112f3fd54

Time (s): cpu = 00:00:00.92 ; elapsed = 00:00:00.92 . Memory (MB): peak = 2712.277 ; gain = 0.000 ; free physical = 121 ; free virtual = 2537
Phase 1 Placer Initialization | Checksum: 112f3fd54

Time (s): cpu = 00:00:00.92 ; elapsed = 00:00:00.93 . Memory (MB): peak = 2712.277 ; gain = 0.000 ; free physical = 120 ; free virtual = 2535

Phase 2 Global Placement

Phase 2.1 Floorplanning
Phase 2.1 Floorplanning | Checksum: 748b45b4

Time (s): cpu = 00:00:00.94 ; elapsed = 00:00:00.95 . Memory (MB): peak = 2728.281 ; gain = 16.004 ; free physical = 118 ; free virtual = 2534

Phase 2.2 Global Placement Core

Phase 2.2.1 Physical Synthesis In Placer
INFO: [Physopt 32-775] End 1 Pass. Optimized 0 net or cell. Created 0 new cell, deleted 0 existing cell and moved 0 existing cell
INFO: [Physopt 32-65] No nets found for high-fanout optimization.
INFO: [Physopt 32-232] Optimized 0 net. Created 0 new instance.
INFO: [Physopt 32-775] End 1 Pass. Optimized 0 net or cell. Created 0 new cell, deleted 0 existing cell and moved 0 existing cell
INFO: [Physopt 32-670] No setup violation found.  DSP Register Optimization was not performed.
INFO: [Physopt 32-670] No setup violation found.  Shift Register to Pipeline Optimization was not performed.
INFO: [Physopt 32-670] No setup violation found.  Shift Register Optimization was not performed.
INFO: [Physopt 32-670] No setup violation found.  BRAM Register Optimization was not performed.
INFO: [Physopt 32-949] No candidate nets found for HD net replication
INFO: [Physopt 32-775] End 1 Pass. Optimized 0 net or cell. Created 0 new cell, deleted 0 existing cell and moved 0 existing cell
Netlist sorting complete. Time (s): cpu = 00:00:00 ; elapsed = 00:00:00 . Memory (MB): peak = 2728.281 ; gain = 0.000 ; free physical = 123 ; free virtual = 2522

Summary of Physical Synthesis Optimizations
============================================


-----------------------------------------------------------------------------------------------------------------------------------------------------------
|  Optimization                                     |  Added Cells  |  Removed Cells  |  Optimized Cells/Nets  |  Dont Touch  |  Iterations  |  Elapsed   |
-----------------------------------------------------------------------------------------------------------------------------------------------------------
|  LUT Combining                                    |            0  |              0  |                     0  |           0  |           1  |  00:00:00  |
|  Very High Fanout                                 |            0  |              0  |                     0  |           0  |           1  |  00:00:00  |
|  DSP Register                                     |            0  |              0  |                     0  |           0  |           0  |  00:00:00  |
|  Shift Register to Pipeline                       |            0  |              0  |                     0  |           0  |           0  |  00:00:00  |
|  Shift Register                                   |            0  |              0  |                     0  |           0  |           0  |  00:00:00  |
|  BRAM Register                                    |            0  |              0  |                     0  |           0  |           0  |  00:00:00  |
|  Dynamic/Static Region Interface Net Replication  |            0  |              0  |                     0  |           0  |           1  |  00:00:00  |
|  Total                                            |            0  |              0  |                     0  |           0  |           3  |  00:00:00  |
-----------------------------------------------------------------------------------------------------------------------------------------------------------


Phase 2.2.1 Physical Synthesis In Placer | Checksum: dec271b2

Time (s): cpu = 00:00:02 ; elapsed = 00:00:02 . Memory (MB): peak = 2728.281 ; gain = 16.004 ; free physical = 123 ; free virtual = 2522
Phase 2.2 Global Placement Core | Checksum: dd713ca6

Time (s): cpu = 00:00:02 ; elapsed = 00:00:02 . Memory (MB): peak = 2728.281 ; gain = 16.004 ; free physical = 117 ; free virtual = 2521
Phase 2 Global Placement | Checksum: dd713ca6

Time (s): cpu = 00:00:02 ; elapsed = 00:00:02 . Memory (MB): peak = 2728.281 ; gain = 16.004 ; free physical = 117 ; free virtual = 2521

Phase 3 Detail Placement

Phase 3.1 Commit Multi Column Macros
Phase 3.1 Commit Multi Column Macros | Checksum: 132861632

Time (s): cpu = 00:00:02 ; elapsed = 00:00:02 . Memory (MB): peak = 2728.281 ; gain = 16.004 ; free physical = 117 ; free virtual = 2521

Phase 3.2 Commit Most Macros & LUTRAMs
Phase 3.2 Commit Most Macros & LUTRAMs | Checksum: 1e9a5f6f2

Time (s): cpu = 00:00:02 ; elapsed = 00:00:02 . Memory (MB): peak = 2728.281 ; gain = 16.004 ; free physical = 116 ; free virtual = 2520

Phase 3.3 Area Swap Optimization
Phase 3.3 Area Swap Optimization | Checksum: 13c8610a2

Time (s): cpu = 00:00:02 ; elapsed = 00:00:02 . Memory (MB): peak = 2728.281 ; gain = 16.004 ; free physical = 115 ; free virtual = 2519

Phase 3.4 Pipeline Register Optimization
Phase 3.4 Pipeline Register Optimization | Checksum: 13c8610a2

Time (s): cpu = 00:00:02 ; elapsed = 00:00:02 . Memory (MB): peak = 2728.281 ; gain = 16.004 ; free physical = 115 ; free virtual = 2519

Phase 3.5 Small Shape Detail Placement
Phase 3.5 Small Shape Detail Placement | Checksum: 8fcaf962

Time (s): cpu = 00:00:02 ; elapsed = 00:00:03 . Memory (MB): peak = 2729.285 ; gain = 17.008 ; free physical = 108 ; free virtual = 2514

Phase 3.6 Re-assign LUT pins
Phase 3.6 Re-assign LUT pins | Checksum: deb9b27a

Time (s): cpu = 00:00:02 ; elapsed = 00:00:03 . Memory (MB): peak = 2729.285 ; gain = 17.008 ; free physical = 108 ; free virtual = 2514

Phase 3.7 Pipeline Register Optimization
Phase 3.7 Pipeline Register Optimization | Checksum: deb9b27a

Time (s): cpu = 00:00:02 ; elapsed = 00:00:03 . Memory (MB): peak = 2729.285 ; gain = 17.008 ; free physical = 108 ; free virtual = 2514
Phase 3 Detail Placement | Checksum: deb9b27a

Time (s): cpu = 00:00:02 ; elapsed = 00:00:03 . Memory (MB): peak = 2729.285 ; gain = 17.008 ; free physical = 108 ; free virtual = 2514

Phase 4 Post Placement Optimization and Clean-Up

Phase 4.1 Post Commit Optimization
INFO: [Timing 38-35] Done setting XDC timing constraints.

Phase 4.1.1 Post Placement Optimization
Post Placement Optimization Initialization | Checksum: 1c35c54ed

Phase 4.1.1.1 BUFG Insertion
INFO: [Place 46-56] BUFG insertion identified 0 candidate nets. Inserted BUFG: 0, Replicated BUFG Driver: 0, Skipped due to Placement/Routing Conflicts: 0, Skipped due to Timing Degradation: 0, Skipped due to Illegal Netlist: 0.
Phase 4.1.1.1 BUFG Insertion | Checksum: 1c35c54ed

Time (s): cpu = 00:00:02 ; elapsed = 00:00:03 . Memory (MB): peak = 2739.191 ; gain = 26.914 ; free physical = 106 ; free virtual = 2513
INFO: [Place 30-746] Post Placement Timing Summary WNS=6.657. For the most accurate timing information please run report_timing.
Phase 4.1.1 Post Placement Optimization | Checksum: ec85f13a

Time (s): cpu = 00:00:02 ; elapsed = 00:00:03 . Memory (MB): peak = 2739.191 ; gain = 26.914 ; free physical = 106 ; free virtual = 2513
Phase 4.1 Post Commit Optimization | Checksum: ec85f13a

Time (s): cpu = 00:00:02 ; elapsed = 00:00:03 . Memory (MB): peak = 2739.191 ; gain = 26.914 ; free physical = 106 ; free virtual = 2513

Phase 4.2 Post Placement Cleanup
Phase 4.2 Post Placement Cleanup | Checksum: ec85f13a

Time (s): cpu = 00:00:02 ; elapsed = 00:00:03 . Memory (MB): peak = 2739.191 ; gain = 26.914 ; free physical = 108 ; free virtual = 2516

Phase 4.3 Placer Reporting
Phase 4.3 Placer Reporting | Checksum: ec85f13a

Time (s): cpu = 00:00:02 ; elapsed = 00:00:03 . Memory (MB): peak = 2739.191 ; gain = 26.914 ; free physical = 108 ; free virtual = 2516

Phase 4.4 Final Placement Cleanup
Netlist sorting complete. Time (s): cpu = 00:00:00 ; elapsed = 00:00:00 . Memory (MB): peak = 2739.191 ; gain = 0.000 ; free physical = 108 ; free virtual = 2516
Phase 4.4 Final Placement Cleanup | Checksum: 100b0f4ad

Time (s): cpu = 00:00:02 ; elapsed = 00:00:03 . Memory (MB): peak = 2739.191 ; gain = 26.914 ; free physical = 108 ; free virtual = 2516
Phase 4 Post Placement Optimization and Clean-Up | Checksum: 100b0f4ad

Time (s): cpu = 00:00:02 ; elapsed = 00:00:03 . Memory (MB): peak = 2739.191 ; gain = 26.914 ; free physical = 108 ; free virtual = 2516
Ending Placer Task | Checksum: dbea601b

Time (s): cpu = 00:00:02 ; elapsed = 00:00:03 . Memory (MB): peak = 2739.191 ; gain = 26.914 ; free physical = 108 ; free virtual = 2516
INFO: [Common 17-83] Releasing license: Implementation
24 Infos, 0 Warnings, 0 Critical Warnings and 0 Errors encountered.
place_design completed successfully
place_design: Time (s): cpu = 00:00:04 ; elapsed = 00:00:08 . Memory (MB): peak = 2739.191 ; gain = 26.918 ; free physical = 125 ; free virtual = 2532
# report_utilization -hierarchical -file top_utilization_hierarchical_place.rpt
# report_utilization -file top_utilization_place.rpt
# report_io -file top_io.rpt
report_io: Time (s): cpu = 00:00:00.07 ; elapsed = 00:00:00.08 . Memory (MB): peak = 2739.191 ; gain = 0.000 ; free physical = 107 ; free virtual = 2523
# report_control_sets -verbose -file top_control_sets.rpt
report_control_sets: Time (s): cpu = 00:00:00.01 ; elapsed = 00:00:00 . Memory (MB): peak = 2739.191 ; gain = 0.000 ; free physical = 118 ; free virtual = 2533
# report_clock_utilization -file top_clock_utilization.rpt
# route_design -directive default
Command: route_design -directive default
Attempting to get a license for feature 'Implementation' and/or device 'xc7a200t'
INFO: [Common 17-349] Got license for feature 'Implementation' and/or device 'xc7a200t'
Running DRC as a precondition to command route_design
INFO: [DRC 23-27] Running DRC with 2 threads
INFO: [Vivado_Tcl 4-198] DRC finished with 0 Errors
INFO: [Vivado_Tcl 4-199] Please refer to the DRC report (report_drc) for more information.


Starting Routing Task
INFO: [Route 35-270] Using Router directive 'default'.
INFO: [Route 35-254] Multithreading enabled for route_design using a maximum of 2 CPUs
Checksum: PlaceDB: 6f22691b ConstDB: 0 ShapeSum: 6cc7f700 RouteDB: 0

Phase 1 Build RT Design
Phase 1 Build RT Design | Checksum: 13d5b3513

Time (s): cpu = 00:00:55 ; elapsed = 00:00:50 . Memory (MB): peak = 2951.418 ; gain = 209.254 ; free physical = 135 ; free virtual = 2250
Post Restoration Checksum: NetGraph: 6ef5829f NumContArr: ce65b274 Constraints: 0 Timing: 0

Phase 2 Router Initialization

Phase 2.1 Create Timer
Phase 2.1 Create Timer | Checksum: 13d5b3513

Time (s): cpu = 00:00:55 ; elapsed = 00:00:50 . Memory (MB): peak = 2969.418 ; gain = 227.254 ; free physical = 102 ; free virtual = 2222

Phase 2.2 Fix Topology Constraints
Phase 2.2 Fix Topology Constraints | Checksum: 13d5b3513

Time (s): cpu = 00:00:55 ; elapsed = 00:00:50 . Memory (MB): peak = 2980.418 ; gain = 238.254 ; free physical = 108 ; free virtual = 2211

Phase 2.3 Pre Route Cleanup
Phase 2.3 Pre Route Cleanup | Checksum: 13d5b3513

Time (s): cpu = 00:00:55 ; elapsed = 00:00:50 . Memory (MB): peak = 2980.418 ; gain = 238.254 ; free physical = 108 ; free virtual = 2211
 Number of Nodes with overlaps = 0

Phase 2.4 Update Timing
Phase 2.4 Update Timing | Checksum: 1766b92d6

Time (s): cpu = 00:00:55 ; elapsed = 00:00:51 . Memory (MB): peak = 3012.934 ; gain = 270.770 ; free physical = 192 ; free virtual = 2280
INFO: [Route 35-416] Intermediate Timing Summary | WNS=6.677  | TNS=0.000  | WHS=-0.122 | THS=-0.575 |

Phase 2 Router Initialization | Checksum: 125bf4f40

Time (s): cpu = 00:00:55 ; elapsed = 00:00:51 . Memory (MB): peak = 3012.934 ; gain = 270.770 ; free physical = 193 ; free virtual = 2280

Router Utilization Summary
  Global Vertical Routing Utilization    = 0 %
  Global Horizontal Routing Utilization  = 0 %
  Routable Net Status*
  *Does not include unroutable nets such as driverless and loadless.
  Run report_route_status for detailed report.
  Number of Failed Nets               = 69
    (Failed Nets is the sum of unrouted and partially routed nets)
  Number of Unrouted Nets             = 69
  Number of Partially Routed Nets     = 0
  Number of Node Overlaps             = 0


Phase 3 Initial Routing
Phase 3 Initial Routing | Checksum: 21b698bc1

Time (s): cpu = 00:00:56 ; elapsed = 00:00:52 . Memory (MB): peak = 3013.938 ; gain = 271.773 ; free physical = 191 ; free virtual = 2279

Phase 4 Rip-up And Reroute

Phase 4.1 Global Iteration 0
 Number of Nodes with overlaps = 8
 Number of Nodes with overlaps = 0
INFO: [Route 35-416] Intermediate Timing Summary | WNS=5.988  | TNS=0.000  | WHS=N/A    | THS=N/A    |

Phase 4.1 Global Iteration 0 | Checksum: 1afa2c541

Time (s): cpu = 00:00:56 ; elapsed = 00:00:52 . Memory (MB): peak = 3013.938 ; gain = 271.773 ; free physical = 181 ; free virtual = 2279

Phase 4.2 Global Iteration 1
 Number of Nodes with overlaps = 1
 Number of Nodes with overlaps = 0
INFO: [Route 35-416] Intermediate Timing Summary | WNS=5.988  | TNS=0.000  | WHS=N/A    | THS=N/A    |

Phase 4.2 Global Iteration 1 | Checksum: c1b73afc

Time (s): cpu = 00:00:56 ; elapsed = 00:00:52 . Memory (MB): peak = 3013.938 ; gain = 271.773 ; free physical = 181 ; free virtual = 2278
Phase 4 Rip-up And Reroute | Checksum: c1b73afc

Time (s): cpu = 00:00:56 ; elapsed = 00:00:52 . Memory (MB): peak = 3013.938 ; gain = 271.773 ; free physical = 181 ; free virtual = 2278

Phase 5 Delay and Skew Optimization

Phase 5.1 Delay CleanUp
Phase 5.1 Delay CleanUp | Checksum: c1b73afc

Time (s): cpu = 00:00:56 ; elapsed = 00:00:52 . Memory (MB): peak = 3013.938 ; gain = 271.773 ; free physical = 181 ; free virtual = 2278

Phase 5.2 Clock Skew Optimization
Phase 5.2 Clock Skew Optimization | Checksum: c1b73afc

Time (s): cpu = 00:00:56 ; elapsed = 00:00:52 . Memory (MB): peak = 3013.938 ; gain = 271.773 ; free physical = 181 ; free virtual = 2278
Phase 5 Delay and Skew Optimization | Checksum: c1b73afc

Time (s): cpu = 00:00:56 ; elapsed = 00:00:52 . Memory (MB): peak = 3013.938 ; gain = 271.773 ; free physical = 181 ; free virtual = 2278

Phase 6 Post Hold Fix

Phase 6.1 Hold Fix Iter

Phase 6.1.1 Update Timing
Phase 6.1.1 Update Timing | Checksum: d3e7a303

Time (s): cpu = 00:00:56 ; elapsed = 00:00:52 . Memory (MB): peak = 3013.938 ; gain = 271.773 ; free physical = 181 ; free virtual = 2278
INFO: [Route 35-416] Intermediate Timing Summary | WNS=6.089  | TNS=0.000  | WHS=0.194  | THS=0.000  |

Phase 6.1 Hold Fix Iter | Checksum: 11e2bc997

Time (s): cpu = 00:00:56 ; elapsed = 00:00:52 . Memory (MB): peak = 3013.938 ; gain = 271.773 ; free physical = 181 ; free virtual = 2278
Phase 6 Post Hold Fix | Checksum: 11e2bc997

Time (s): cpu = 00:00:56 ; elapsed = 00:00:52 . Memory (MB): peak = 3013.938 ; gain = 271.773 ; free physical = 181 ; free virtual = 2278

Phase 7 Route finalize

Router Utilization Summary
  Global Vertical Routing Utilization    = 0.00303674 %
  Global Horizontal Routing Utilization  = 0.00350297 %
  Routable Net Status*
  *Does not include unroutable nets such as driverless and loadless.
  Run report_route_status for detailed report.
  Number of Failed Nets               = 0
    (Failed Nets is the sum of unrouted and partially routed nets)
  Number of Unrouted Nets             = 0
  Number of Partially Routed Nets     = 0
  Number of Node Overlaps             = 0

Phase 7 Route finalize | Checksum: 13917a249

Time (s): cpu = 00:00:57 ; elapsed = 00:00:52 . Memory (MB): peak = 3013.938 ; gain = 271.773 ; free physical = 179 ; free virtual = 2277

Phase 8 Verifying routed nets

 Verification completed successfully
Phase 8 Verifying routed nets | Checksum: 13917a249

Time (s): cpu = 00:00:57 ; elapsed = 00:00:52 . Memory (MB): peak = 3013.938 ; gain = 271.773 ; free physical = 179 ; free virtual = 2276

Phase 9 Depositing Routes
Phase 9 Depositing Routes | Checksum: 19ada7239

Time (s): cpu = 00:00:57 ; elapsed = 00:00:52 . Memory (MB): peak = 3013.938 ; gain = 271.773 ; free physical = 178 ; free virtual = 2276

Phase 10 Post Router Timing
INFO: [Route 35-57] Estimated Timing Summary | WNS=6.089  | TNS=0.000  | WHS=0.194  | THS=0.000  |

INFO: [Route 35-327] The final timing numbers are based on the router estimated timing analysis. For a complete and accurate timing signoff, please run report_timing_summary.
Phase 10 Post Router Timing | Checksum: 19ada7239

Time (s): cpu = 00:00:57 ; elapsed = 00:00:52 . Memory (MB): peak = 3013.938 ; gain = 271.773 ; free physical = 179 ; free virtual = 2278
INFO: [Route 35-16] Router Completed Successfully

Time (s): cpu = 00:00:57 ; elapsed = 00:00:53 . Memory (MB): peak = 3013.938 ; gain = 271.773 ; free physical = 191 ; free virtual = 2295

Routing Is Done.
INFO: [Common 17-83] Releasing license: Implementation
14 Infos, 0 Warnings, 0 Critical Warnings and 0 Errors encountered.
route_design completed successfully
route_design: Time (s): cpu = 00:00:59 ; elapsed = 00:00:58 . Memory (MB): peak = 3013.938 ; gain = 274.746 ; free physical = 175 ; free virtual = 2297
INFO: [Common 17-600] The following parameters have non-default value.
general.maxThreads
# phys_opt_design -directive default
Command: phys_opt_design -directive default
Attempting to get a license for feature 'Implementation' and/or device 'xc7a200t'
INFO: [Common 17-349] Got license for feature 'Implementation' and/or device 'xc7a200t'
INFO: [Vivado_Tcl 4-241] Physical synthesis in post route mode ( 100.0% nets are fully routed)
INFO: [Vivado_Tcl 4-137] Directive used for phys_opt_design is: default
INFO: [Vivado_Tcl 4-383] Design worst setup slack (WNS) is greater than or equal to 0.000 ns. Skipping all physical synthesis optimizations.
INFO: [Vivado_Tcl 4-232] No setup violation found. The netlist was not modified.
INFO: [Common 17-83] Releasing license: Implementation
6 Infos, 0 Warnings, 0 Critical Warnings and 0 Errors encountered.
phys_opt_design completed successfully
INFO: [Common 17-600] The following parameters have non-default value.
general.maxThreads
# report_timing_summary -no_header -no_detailed_paths
INFO: [Timing 38-91] UpdateTimingParams: Speed grade: -1, Delay Type: min_max.
INFO: [Timing 38-191] Multithreading enabled for timing update using a maximum of 2 CPUs
------------------------------------------------------------------------------------------------
| Timer Settings
| --------------
------------------------------------------------------------------------------------------------

  Enable Multi Corner Analysis               :  Yes
  Enable Pessimism Removal                   :  Yes
  Pessimism Removal Resolution               :  Nearest Common Node
  Enable Input Delay Default Clock           :  No
  Enable Preset / Clear Arcs                 :  No
  Disable Flight Delays                      :  No
  Ignore I/O Paths                           :  No
  Timing Early Launch at Borrowing Latches   :  No
  Borrow Time for Max Delay Exceptions       :  Yes
  Merge Timing Exceptions                    :  Yes

  Corner  Analyze    Analyze    
  Name    Max Paths  Min Paths  
  ------  ---------  ---------  
  Slow    Yes        Yes        
  Fast    Yes        Yes        



check_timing report

Table of Contents
-----------------
1. checking no_clock
2. checking constant_clock
3. checking pulse_width_clock
4. checking unconstrained_internal_endpoints
5. checking no_input_delay
6. checking no_output_delay
7. checking multiple_clock
8. checking generated_clocks
9. checking loops
10. checking partial_input_delay
11. checking partial_output_delay
12. checking latch_loops

1. checking no_clock
--------------------
 There are 0 register/latch pins with no clock.


2. checking constant_clock
--------------------------
 There are 0 register/latch pins with constant_clock.


3. checking pulse_width_clock
-----------------------------
 There are 0 register/latch pins which need pulse_width check


4. checking unconstrained_internal_endpoints
--------------------------------------------
 There are 0 pins that are not constrained for maximum delay.

 There are 0 pins that are not constrained for maximum delay due to constant clock.


5. checking no_input_delay
--------------------------
 There are 0 input ports with no input delay specified.

 There are 0 input ports with no input delay but user has a false path constraint.


6. checking no_output_delay
---------------------------
 There are 8 ports with no output delay specified. (HIGH)

 There are 0 ports with no output delay but user has a false path constraint

 There are 0 ports with no output delay but with a timing clock defined on it or propagating through it


7. checking multiple_clock
--------------------------
 There are 0 register/latch pins with multiple clocks.


8. checking generated_clocks
----------------------------
 There are 0 generated clocks that are not connected to a clock source.


9. checking loops
-----------------
 There are 0 combinational loops in the design.


10. checking partial_input_delay
--------------------------------
 There are 0 input ports with partial input delay specified.


11. checking partial_output_delay
---------------------------------
 There are 0 ports with partial output delay specified.


12. checking latch_loops
------------------------
 There are 0 combinational latch loops in the design through latch input



------------------------------------------------------------------------------------------------
| Design Timing Summary
| ---------------------
------------------------------------------------------------------------------------------------

    WNS(ns)      TNS(ns)  TNS Failing Endpoints  TNS Total Endpoints      WHS(ns)      THS(ns)  THS Failing Endpoints  THS Total Endpoints     WPWS(ns)     TPWS(ns)  TPWS Failing Endpoints  TPWS Total Endpoints  
    -------      -------  ---------------------  -------------------      -------      -------  ---------------------  -------------------     --------     --------  ----------------------  --------------------  
      6.090        0.000                      0                   74        0.196        0.000                      0                   74        4.500        0.000                       0                    35  


All user specified timing constraints are met.


------------------------------------------------------------------------------------------------
| Clock Summary
| -------------
------------------------------------------------------------------------------------------------

Clock   Waveform(ns)       Period(ns)      Frequency(MHz)
-----   ------------       ----------      --------------
clk100  {0.000 5.000}      10.000          100.000         


------------------------------------------------------------------------------------------------
| Intra Clock Table
| -----------------
------------------------------------------------------------------------------------------------

Clock             WNS(ns)      TNS(ns)  TNS Failing Endpoints  TNS Total Endpoints      WHS(ns)      THS(ns)  THS Failing Endpoints  THS Total Endpoints     WPWS(ns)     TPWS(ns)  TPWS Failing Endpoints  TPWS Total Endpoints  
-----             -------      -------  ---------------------  -------------------      -------      -------  ---------------------  -------------------     --------     --------  ----------------------  --------------------  
clk100              6.090        0.000                      0                   74        0.196        0.000                      0                   74        4.500        0.000                       0                    35  


------------------------------------------------------------------------------------------------
| Inter Clock Table
| -----------------
------------------------------------------------------------------------------------------------

From Clock    To Clock          WNS(ns)      TNS(ns)  TNS Failing Endpoints  TNS Total Endpoints      WHS(ns)      THS(ns)  THS Failing Endpoints  THS Total Endpoints  
----------    --------          -------      -------  ---------------------  -------------------      -------      -------  ---------------------  -------------------  


------------------------------------------------------------------------------------------------
| Other Path Groups Table
| -----------------------
------------------------------------------------------------------------------------------------

Path Group    From Clock    To Clock          WNS(ns)      TNS(ns)  TNS Failing Endpoints  TNS Total Endpoints      WHS(ns)      THS(ns)  THS Failing Endpoints  THS Total Endpoints  
----------    ----------    --------          -------      -------  ---------------------  -------------------      -------      -------  ---------------------  -------------------  


# write_checkpoint -force top_route.dcp
Netlist sorting complete. Time (s): cpu = 00:00:00 ; elapsed = 00:00:00 . Memory (MB): peak = 3013.938 ; gain = 0.000 ; free physical = 147 ; free virtual = 2297
INFO: [Timing 38-480] Writing timing data to binary archive.
Writing placer database...
Writing XDEF routing.
Writing XDEF routing logical nets.
Writing XDEF routing special nets.
Write XDEF Complete: Time (s): cpu = 00:00:00.10 ; elapsed = 00:00:00.11 . Memory (MB): peak = 3013.938 ; gain = 0.000 ; free physical = 119 ; free virtual = 2294
INFO: [Common 17-1381] The checkpoint '/home/diegoaranda/Documents/Tesis/Manuel/build/top_route.dcp' has been generated.
# report_route_status -file top_route_status.rpt
# report_drc -file top_drc.rpt
Command: report_drc -file top_drc.rpt
INFO: [IP_Flow 19-234] Refreshing IP repositories
INFO: [IP_Flow 19-1704] No user IP repositories specified
INFO: [IP_Flow 19-2313] Loaded Vivado IP repository '/home/diegoaranda/Xilinx/Vivado/2019.2/data/ip'.
INFO: [DRC 23-27] Running DRC with 2 threads
INFO: [Coretcl 2-168] The results of DRC are in file /home/diegoaranda/Documents/Tesis/Manuel/build/top_drc.rpt.
report_drc completed successfully
report_drc: Time (s): cpu = 00:00:03 ; elapsed = 00:00:11 . Memory (MB): peak = 3016.910 ; gain = 2.969 ; free physical = 133 ; free virtual = 2292
# report_timing_summary -datasheet -max_paths 10 -file top_timing.rpt
INFO: [Timing 38-91] UpdateTimingParams: Speed grade: -1, Delay Type: min_max.
INFO: [Timing 38-191] Multithreading enabled for timing update using a maximum of 2 CPUs
# report_power -file top_power.rpt
Command: report_power -file top_power.rpt
Running Vector-less Activity Propagation...

Finished Running Vector-less Activity Propagation
0 Infos, 0 Warnings, 0 Critical Warnings and 0 Errors encountered.
report_power completed successfully
# set_property BITSTREAM.CONFIG.SPI_BUSWIDTH 4 [current_design]
# write_bitstream -force top.bit 
Command: write_bitstream -force top.bit
Attempting to get a license for feature 'Implementation' and/or device 'xc7a200t'
INFO: [Common 17-349] Got license for feature 'Implementation' and/or device 'xc7a200t'
Running DRC as a precondition to command write_bitstream
INFO: [IP_Flow 19-1839] IP Catalog is up to date.
INFO: [DRC 23-27] Running DRC with 2 threads
WARNING: [DRC CFGBVS-1] Missing CFGBVS and CONFIG_VOLTAGE Design Properties: Neither the CFGBVS nor CONFIG_VOLTAGE voltage property is set in the current_design.  Configuration bank voltage select (CFGBVS) must be set to VCCO or GND, and CONFIG_VOLTAGE must be set to the correct configuration voltage, in order to determine the I/O voltage support for the pins in bank 0.  It is suggested to specify these either using the 'Edit Device Properties' function in the GUI or directly in the XDC file using the following syntax:

 set_property CFGBVS value1 [current_design]
 #where value1 is either VCCO or GND

 set_property CONFIG_VOLTAGE value2 [current_design]
 #where value2 is the voltage provided to configuration bank 0

Refer to the device configuration user guide for more information.
INFO: [Vivado 12-3199] DRC finished with 0 Errors, 1 Warnings
INFO: [Vivado 12-3200] Please refer to the DRC report (report_drc) for more information.
INFO: [Designutils 20-2272] Running write_bitstream with 2 threads.
Loading data files...
Loading site data...
Loading route data...
Processing options...
Creating bitmap...
Creating bitstream...
Writing bitstream ./top.bit...
INFO: [Vivado 12-1842] Bitgen Completed Successfully.
INFO: [Project 1-120] WebTalk data collection is mandatory when using a WebPACK part without a full Vivado license. To see the specific WebTalk data collected for your design, open the usage_statistics_webtalk.html or usage_statistics_webtalk.xml file in the implementation directory.
INFO: [Common 17-83] Releasing license: Implementation
9 Infos, 1 Warnings, 0 Critical Warnings and 0 Errors encountered.
write_bitstream completed successfully
write_bitstream: Time (s): cpu = 00:00:16 ; elapsed = 00:00:38 . Memory (MB): peak = 3392.977 ; gain = 357.098 ; free physical = 282 ; free virtual = 2269
# write_cfgmem -force -format bin -interface spix4 -size 16 -loadbit "up 0x0 top.bit" -file top.bin
Command: write_cfgmem -force -format bin -interface spix4 -size 16 -loadbit {up 0x0 top.bit} -file top.bin
Creating config memory files...
Creating bitstream load up from address 0x00000000
Loading bitfile top.bit
Writing file ./top.bin
Writing log file ./top.prm
===================================
Configuration Memory information
===================================
File Format        BIN
Interface          SPIX4
Size               16M
Start Address      0x00000000
End Address        0x00FFFFFF

Addr1         Addr2         Date                    File(s)
0x00000000    0x00947A5B    Jan  4 13:10:11 2020    top.bit
0 Infos, 0 Warnings, 0 Critical Warnings and 0 Errors encountered.
write_cfgmem completed successfully
# quit
INFO: [Common 17-206] Exiting Vivado at Sat Jan  4 13:10:26 2020...
