#
# An unexpected error has occurred (11)
#
Stack:
/home/diegoaranda/Xilinx/Vivado/2019.2/tps/lnx64/jre9.0.4/lib//server/libjvm.so(+0xb6aadb) [0x7fcf2651dadb]
/home/diegoaranda/Xilinx/Vivado/2019.2/tps/lnx64/jre9.0.4/lib//server/libjvm.so(JVM_handle_linux_signal+0xbb) [0x7fcf26522e1b]
/home/diegoaranda/Xilinx/Vivado/2019.2/tps/lnx64/jre9.0.4/lib//server/libjvm.so(+0xb647b8) [0x7fcf265177b8]
/lib64/libpthread.so.0(+0xf630) [0x7fcf79dc3630]
/home/diegoaranda/Xilinx/Vivado/2019.2/lib/lnx64.o/librdi_simbridge_kernel.so(SimBridge::CArray::empty() const+0) [0x7fcf320e4540]
/home/diegoaranda/Xilinx/Vivado/2019.2/lib/lnx64.o/librdi_simbridge_kernel.so(SimBridge::WdbEventBlock::addBlock(SimBridge::WdbIBlockManager&, unsigned int&) const+0x1e) [0x7fcf320e4c1e]
/home/diegoaranda/Xilinx/Vivado/2019.2/lib/lnx64.o/librdi_simbridge_kernel.so(SimBridge::WdbMultipleBucketEventDatabase::getEventBlockDatabaseIterator(std::vector<SimBridge::WdbScalarBTree*, std::allocator<SimBridge::WdbScalarBTree*> > const&, std::vector<boost::shared_ptr<SimBridge::WdbIEventBlockIterator>, std::allocator<boost::shared_ptr<SimBridge::WdbIEventBlockIterator> > >&, std::vector<std::vector<SimBridge::WdbScalarBTree*, std::allocator<SimBridge::WdbScalarBTree*> >, std::allocator<std::vector<SimBridge::WdbScalarBTree*, std::allocator<SimBridge::WdbScalarBTree*> > > >&) const+0x691) [0x7fcf320fdfd1]
/home/diegoaranda/Xilinx/Vivado/2019.2/lib/lnx64.o/librdi_simbridge_kernel.so(SimBridge::WdbAddressBTreeManager::scanWdbDatabaseMultiThread(std::vector<SimBridge::WdbScalarBTree*, std::allocator<SimBridge::WdbScalarBTree*> > const&, ISIM::IGuiStatus*)+0xc4) [0x7fcf320dbb74]
/home/diegoaranda/Xilinx/Vivado/2019.2/lib/lnx64.o/librdi_wavedata.so(SimBridge::DataObjMgr::createDrawingBTree(std::vector<SimBridge::IDataObj const*, std::allocator<SimBridge::IDataObj const*> > const&, ISIM::IGuiStatus*, bool)+0x32a) [0x7fcf629dec1a]
/home/diegoaranda/Xilinx/Vivado/2019.2/lib/lnx64.o/librdi_wavedata.so(+0x2d8c32) [0x7fcf62a98c32]
/home/diegoaranda/Xilinx/Vivado/2019.2/lib/lnx64.o/librdi_wavedata.so(+0x2d8edc) [0x7fcf62a98edc]
/home/diegoaranda/Xilinx/Vivado/2019.2/lib/lnx64.o/librdi_wavedata.so(SG_Model::SGBuilderImp::addDataObj(SG_Model::WVDataObject*, std::__cxx11::basic_string<char, std::char_traits<char>, std::allocator<char> > const&, int)+0x1b9) [0x7fcf62a64209]
/home/diegoaranda/Xilinx/Vivado/2019.2/lib/lnx64.o/librdi_wavedata.so(SG_Model::SGBuilder::processStartElement(std::__cxx11::basic_string<char, std::char_traits<char>, std::allocator<char> > const&, xercesc_3_1::AttributeList*)+0x699) [0x7fcf62a65109]
/home/diegoaranda/Xilinx/Vivado/2019.2/lib/lnx64.o/librdi_wavedata.so(SG_Model::SAXHandlers::startElement(unsigned short const*, xercesc_3_1::AttributeList&)+0x131) [0x7fcf62a9c0d1]
/home/diegoaranda/Xilinx/Vivado/2019.2/lib/lnx64.o/libxerces-c-3.1.so(xercesc_3_1::SAXParser::startElement(xercesc_3_1::XMLElementDecl const&, unsigned int, unsigned short const*, xercesc_3_1::RefVectorOf<xercesc_3_1::XMLAttr> const&, unsigned long, bool, bool)+0x146) [0x7fcf7549f0f6]
/home/diegoaranda/Xilinx/Vivado/2019.2/lib/lnx64.o/libxerces-c-3.1.so(xercesc_3_1::IGXMLScanner::scanStartTag(bool&)+0x9f9) [0x7fcf7543d149]
/home/diegoaranda/Xilinx/Vivado/2019.2/lib/lnx64.o/libxerces-c-3.1.so(xercesc_3_1::IGXMLScanner::scanContent()+0x1b5) [0x7fcf75441f95]
/home/diegoaranda/Xilinx/Vivado/2019.2/lib/lnx64.o/libxerces-c-3.1.so(xercesc_3_1::IGXMLScanner::scanDocument(xercesc_3_1::InputSource const&)+0xb0) [0x7fcf754420b0]
/home/diegoaranda/Xilinx/Vivado/2019.2/lib/lnx64.o/libxerces-c-3.1.so(xercesc_3_1::XMLScanner::scanDocument(unsigned short const*)+0x136) [0x7fcf7546f056]
/home/diegoaranda/Xilinx/Vivado/2019.2/lib/lnx64.o/libxerces-c-3.1.so(xercesc_3_1::XMLScanner::scanDocument(char const*)+0x32) [0x7fcf7546f382]
/home/diegoaranda/Xilinx/Vivado/2019.2/lib/lnx64.o/libxerces-c-3.1.so(xercesc_3_1::SAXParser::parse(char const*)+0x38) [0x7fcf754a0358]
/home/diegoaranda/Xilinx/Vivado/2019.2/lib/lnx64.o/librdi_wavedata.so(SG_Model::SGReader::readConfigurationFile(char const*, SG_Model::IBuilder&, SG_Model::IReporter&)+0x96) [0x7fcf62aa00b6]
/home/diegoaranda/Xilinx/Vivado/2019.2/lib/lnx64.o/librdi_wavedata.so(SG_Model::Model::read(std::__cxx11::basic_string<char, std::char_traits<char>, std::allocator<char> > const&, SG_Model::IReporter&, ISIM::IGuiStatus*)+0xe3) [0x7fcf62a951e3]
/home/diegoaranda/Xilinx/Vivado/2019.2/lib/lnx64.o/librdi_wavedata.so(WVDAppInterface::WVDWindowManager::openWcfg(std::__cxx11::basic_string<char, std::char_traits<char>, std::allocator<char> > const&, SG_Model::IDesignManager::ConnectMode, ISIM::IGuiStatus*)+0x143) [0x7fcf62962983]
/home/diegoaranda/Xilinx/Vivado/2019.2/lib/lnx64.o/librdi_wavedatatasks.so(+0xa2ad3) [0x7fcf275dbad3]
/home/diegoaranda/Xilinx/Vivado/2019.2/lib/lnx64.o/librdi_common.so(+0x86eca2) [0x7fcf7afe2ca2]
/home/diegoaranda/Xilinx/Vivado/2019.2/lib/lnx64.o/libtcl8.5.so(+0x334af) [0x7fcf758774af]
/home/diegoaranda/Xilinx/Vivado/2019.2/lib/lnx64.o/libtcl8.5.so(Tcl_EvalObjv+0x32) [0x7fcf758775e2]
/home/diegoaranda/Xilinx/Vivado/2019.2/lib/lnx64.o/libtcl8.5.so(TclEvalObjEx+0x322) [0x7fcf75879402]
/home/diegoaranda/Xilinx/Vivado/2019.2/lib/lnx64.o/librdi_common.so(hdi::tcltasks::task_manager::eval_in_tcl(Tcl_Interp*, Tcl_Obj*, char const*, bool)+0xab9) [0x7fcf7afe4ad9]
/home/diegoaranda/Xilinx/Vivado/2019.2/lib/lnx64.o/librdi_simtcltasks.so(RSTTclHelper::openWcfgsForWdb(RSDData::RSDISimulationObject const&, Tcl_Interp*)+0x135) [0x7fcf67425b15]
/home/diegoaranda/Xilinx/Vivado/2019.2/lib/lnx64.o/librdi_simtcltasks.so(+0x13b24b) [0x7fcf674a024b]
/home/diegoaranda/Xilinx/Vivado/2019.2/lib/lnx64.o/librdi_common.so(+0x86eca2) [0x7fcf7afe2ca2]
/home/diegoaranda/Xilinx/Vivado/2019.2/lib/lnx64.o/libtcl8.5.so(+0x334af) [0x7fcf758774af]
/home/diegoaranda/Xilinx/Vivado/2019.2/lib/lnx64.o/libtcl8.5.so(+0x34b38) [0x7fcf75878b38]
/home/diegoaranda/Xilinx/Vivado/2019.2/lib/lnx64.o/libtcl8.5.so(Tcl_EvalEx+0x13) [0x7fcf758790a3]
/home/diegoaranda/Xilinx/Vivado/2019.2/lib/lnx64.o/libtcl8.5.so(Tcl_FSEvalFileEx+0x1da) [0x7fcf758ddc5a]
/home/diegoaranda/Xilinx/Vivado/2019.2/lib/lnx64.o/librdi_commontasks.so(+0x2b1d8d) [0x7fcf6364fd8d]
/home/diegoaranda/Xilinx/Vivado/2019.2/lib/lnx64.o/librdi_common.so(+0x86eca2) [0x7fcf7afe2ca2]
/home/diegoaranda/Xilinx/Vivado/2019.2/lib/lnx64.o/libtcl8.5.so(+0x334af) [0x7fcf758774af]
/home/diegoaranda/Xilinx/Vivado/2019.2/lib/lnx64.o/libtcl8.5.so(Tcl_EvalObjv+0x32) [0x7fcf758775e2]
/home/diegoaranda/Xilinx/Vivado/2019.2/lib/lnx64.o/libtcl8.5.so(TclEvalObjEx+0x322) [0x7fcf75879402]
/home/diegoaranda/Xilinx/Vivado/2019.2/lib/lnx64.o/librdi_commontasks.so(+0x2de870) [0x7fcf6367c870]
/home/diegoaranda/Xilinx/Vivado/2019.2/lib/lnx64.o/librdi_commontasks.so(+0x2e011e) [0x7fcf6367e11e]
/home/diegoaranda/Xilinx/Vivado/2019.2/lib/lnx64.o/librdi_common.so(+0x86eca2) [0x7fcf7afe2ca2]
/home/diegoaranda/Xilinx/Vivado/2019.2/lib/lnx64.o/libtcl8.5.so(+0x334af) [0x7fcf758774af]
/home/diegoaranda/Xilinx/Vivado/2019.2/lib/lnx64.o/libtcl8.5.so(Tcl_EvalObjv+0x32) [0x7fcf758775e2]
/home/diegoaranda/Xilinx/Vivado/2019.2/lib/lnx64.o/libtcl8.5.so(TclEvalObjEx+0x322) [0x7fcf75879402]
/home/diegoaranda/Xilinx/Vivado/2019.2/lib/lnx64.o/librdi_commonmain.so(+0x7af3) [0x7fcf7a56daf3]
/home/diegoaranda/Xilinx/Vivado/2019.2/lib/lnx64.o/libtcl8.5.so(Tcl_Main+0x1d0) [0x7fcf758e4210]
/home/diegoaranda/Xilinx/Vivado/2019.2/lib/lnx64.o/librdi_common.so(+0x8b30cb) [0x7fcf7b0270cb]
/lib64/libpthread.so.0(+0x7ea5) [0x7fcf79dbbea5]
/lib64/libc.so.6(clone+0x6d) [0x7fcf79ae48dd]
