#
# An unexpected error has occurred (11)
#
Stack:
/home/diegoaranda/Xilinx/Vivado/2019.2/tps/lnx64/jre9.0.4/lib//server/libjvm.so(+0xb6aadb) [0x7f676b7e5adb]
/home/diegoaranda/Xilinx/Vivado/2019.2/tps/lnx64/jre9.0.4/lib//server/libjvm.so(JVM_handle_linux_signal+0xbb) [0x7f676b7eae1b]
/home/diegoaranda/Xilinx/Vivado/2019.2/tps/lnx64/jre9.0.4/lib//server/libjvm.so(+0xb647b8) [0x7f676b7df7b8]
/lib64/libpthread.so.0(+0xf630) [0x7f67c2f5a630]
/home/diegoaranda/Xilinx/Vivado/2019.2/lib/lnx64.o/librdi_simbridge_kernel.so(SimBridge::CArray::empty() const+0) [0x7f677b093540]
/home/diegoaranda/Xilinx/Vivado/2019.2/lib/lnx64.o/librdi_simbridge_kernel.so(SimBridge::WdbEventBlock::addBlock(SimBridge::WdbIBlockManager&, unsigned int&) const+0x1e) [0x7f677b093c1e]
/home/diegoaranda/Xilinx/Vivado/2019.2/lib/lnx64.o/librdi_simbridge_kernel.so(SimBridge::WdbMultipleBucketEventDatabase::getEventBlockDatabaseIterator(std::vector<SimBridge::WdbScalarBTree*, std::allocator<SimBridge::WdbScalarBTree*> > const&, std::vector<boost::shared_ptr<SimBridge::WdbIEventBlockIterator>, std::allocator<boost::shared_ptr<SimBridge::WdbIEventBlockIterator> > >&, std::vector<std::vector<SimBridge::WdbScalarBTree*, std::allocator<SimBridge::WdbScalarBTree*> >, std::allocator<std::vector<SimBridge::WdbScalarBTree*, std::allocator<SimBridge::WdbScalarBTree*> > > >&) const+0x691) [0x7f677b0acfd1]
/home/diegoaranda/Xilinx/Vivado/2019.2/lib/lnx64.o/librdi_simbridge_kernel.so(SimBridge::WdbAddressBTreeManager::scanWdbDatabaseMultiThread(std::vector<SimBridge::WdbScalarBTree*, std::allocator<SimBridge::WdbScalarBTree*> > const&, ISIM::IGuiStatus*)+0xc4) [0x7f677b08ab74]
/home/diegoaranda/Xilinx/Vivado/2019.2/lib/lnx64.o/librdi_wavedata.so(SimBridge::DataObjMgr::createDrawingBTree(std::vector<SimBridge::IDataObj const*, std::allocator<SimBridge::IDataObj const*> > const&, ISIM::IGuiStatus*, bool)+0x32a) [0x7f67a7943c1a]
/home/diegoaranda/Xilinx/Vivado/2019.2/lib/lnx64.o/librdi_wavedata.so(+0x2d8c32) [0x7f67a79fdc32]
/home/diegoaranda/Xilinx/Vivado/2019.2/lib/lnx64.o/librdi_wavedata.so(+0x2d8edc) [0x7f67a79fdedc]
/home/diegoaranda/Xilinx/Vivado/2019.2/lib/lnx64.o/librdi_wavedata.so(SG_Model::ModelImp::updateData(SG_Model::WVDataObject*, bool)+0x30f) [0x7f67a79f7e8f]
/home/diegoaranda/Xilinx/Vivado/2019.2/lib/lnx64.o/librdi_wavedata.so(SG_Model::ModelImp::updateData(SG_Model::WVDataObject*, bool)+0x18f) [0x7f67a79f7d0f]
/home/diegoaranda/Xilinx/Vivado/2019.2/lib/lnx64.o/librdi_wavedata.so(SG_Model::ModelImp::updateData()+0x96b) [0x7f67a79f8b7b]
/home/diegoaranda/Xilinx/Vivado/2019.2/lib/lnx64.o/librdi_wavedata.so(SG_Model::Model::read(std::__cxx11::basic_string<char, std::char_traits<char>, std::allocator<char> > const&, SG_Model::IReporter&, ISIM::IGuiStatus*)+0x20d) [0x7f67a79fa30d]
/home/diegoaranda/Xilinx/Vivado/2019.2/lib/lnx64.o/librdi_wavedata.so(WVDAppInterface::WVDWindowManager::openWcfg(std::__cxx11::basic_string<char, std::char_traits<char>, std::allocator<char> > const&, SG_Model::IDesignManager::ConnectMode, ISIM::IGuiStatus*)+0x143) [0x7f67a78c7983]
/home/diegoaranda/Xilinx/Vivado/2019.2/lib/lnx64.o/librdi_wavedatatasks.so(+0xa2ad3) [0x7f677158cad3]
/home/diegoaranda/Xilinx/Vivado/2019.2/lib/lnx64.o/librdi_common.so(+0x86eca2) [0x7f67c4179ca2]
/home/diegoaranda/Xilinx/Vivado/2019.2/lib/lnx64.o/libtcl8.5.so(+0x334af) [0x7f67bea0e4af]
/home/diegoaranda/Xilinx/Vivado/2019.2/lib/lnx64.o/libtcl8.5.so(Tcl_EvalObjv+0x32) [0x7f67bea0e5e2]
/home/diegoaranda/Xilinx/Vivado/2019.2/lib/lnx64.o/libtcl8.5.so(TclEvalObjEx+0x322) [0x7f67bea10402]
/home/diegoaranda/Xilinx/Vivado/2019.2/lib/lnx64.o/librdi_common.so(hdi::tcltasks::task_manager::eval_in_tcl(Tcl_Interp*, Tcl_Obj*, char const*, bool)+0xab9) [0x7f67c417bad9]
/home/diegoaranda/Xilinx/Vivado/2019.2/lib/lnx64.o/librdi_simtcltasks.so(RSTTclHelper::openWcfgsForWdb(RSDData::RSDISimulationObject const&, Tcl_Interp*)+0x135) [0x7f67b462ab15]
/home/diegoaranda/Xilinx/Vivado/2019.2/lib/lnx64.o/librdi_simtcltasks.so(+0x13b24b) [0x7f67b46a524b]
/home/diegoaranda/Xilinx/Vivado/2019.2/lib/lnx64.o/librdi_common.so(+0x86eca2) [0x7f67c4179ca2]
/home/diegoaranda/Xilinx/Vivado/2019.2/lib/lnx64.o/libtcl8.5.so(+0x334af) [0x7f67bea0e4af]
/home/diegoaranda/Xilinx/Vivado/2019.2/lib/lnx64.o/libtcl8.5.so(+0x34b38) [0x7f67bea0fb38]
/home/diegoaranda/Xilinx/Vivado/2019.2/lib/lnx64.o/libtcl8.5.so(Tcl_EvalEx+0x13) [0x7f67bea100a3]
/home/diegoaranda/Xilinx/Vivado/2019.2/lib/lnx64.o/libtcl8.5.so(Tcl_FSEvalFileEx+0x1da) [0x7f67bea74c5a]
/home/diegoaranda/Xilinx/Vivado/2019.2/lib/lnx64.o/librdi_commontasks.so(+0x2b1d8d) [0x7f67ac831d8d]
/home/diegoaranda/Xilinx/Vivado/2019.2/lib/lnx64.o/librdi_common.so(+0x86eca2) [0x7f67c4179ca2]
/home/diegoaranda/Xilinx/Vivado/2019.2/lib/lnx64.o/libtcl8.5.so(+0x334af) [0x7f67bea0e4af]
/home/diegoaranda/Xilinx/Vivado/2019.2/lib/lnx64.o/libtcl8.5.so(Tcl_EvalObjv+0x32) [0x7f67bea0e5e2]
/home/diegoaranda/Xilinx/Vivado/2019.2/lib/lnx64.o/libtcl8.5.so(TclEvalObjEx+0x322) [0x7f67bea10402]
/home/diegoaranda/Xilinx/Vivado/2019.2/lib/lnx64.o/librdi_commontasks.so(+0x2de870) [0x7f67ac85e870]
/home/diegoaranda/Xilinx/Vivado/2019.2/lib/lnx64.o/librdi_commontasks.so(+0x2e011e) [0x7f67ac86011e]
/home/diegoaranda/Xilinx/Vivado/2019.2/lib/lnx64.o/librdi_common.so(+0x86eca2) [0x7f67c4179ca2]
/home/diegoaranda/Xilinx/Vivado/2019.2/lib/lnx64.o/libtcl8.5.so(+0x334af) [0x7f67bea0e4af]
/home/diegoaranda/Xilinx/Vivado/2019.2/lib/lnx64.o/libtcl8.5.so(Tcl_EvalObjv+0x32) [0x7f67bea0e5e2]
/home/diegoaranda/Xilinx/Vivado/2019.2/lib/lnx64.o/libtcl8.5.so(TclEvalObjEx+0x322) [0x7f67bea10402]
/home/diegoaranda/Xilinx/Vivado/2019.2/lib/lnx64.o/librdi_commonmain.so(+0x7af3) [0x7f67c3704af3]
/home/diegoaranda/Xilinx/Vivado/2019.2/lib/lnx64.o/libtcl8.5.so(Tcl_Main+0x1d0) [0x7f67bea7b210]
/home/diegoaranda/Xilinx/Vivado/2019.2/lib/lnx64.o/librdi_common.so(+0x8b30cb) [0x7f67c41be0cb]
/lib64/libpthread.so.0(+0x7ea5) [0x7f67c2f52ea5]
/lib64/libc.so.6(clone+0x6d) [0x7f67c2c7b8dd]
