#-----------------------------------------------------------
# Vivado v2019.2 (64-bit)
# SW Build 2700185 on Thu Oct 24 18:45:48 MDT 2019
# IP Build 2699827 on Thu Oct 24 21:16:38 MDT 2019
# Start of session at: Sat Jul 18 20:58:04 2020
# Process ID: 52525
# Current directory: /home/diegoaranda/Documents/Tesis/tesis/full_mode_rx
# Command line: vivado
# Log file: /home/diegoaranda/Documents/Tesis/tesis/full_mode_rx/vivado.log
# Journal file: /home/diegoaranda/Documents/Tesis/tesis/full_mode_rx/vivado.jou
#-----------------------------------------------------------
start_gui
open_project /home/diegoaranda/Documents/Tesis/tesis/full_mode_rx/build/top.xpr
Scanning sources...
Finished scanning sources
INFO: [IP_Flow 19-234] Refreshing IP repositories
INFO: [IP_Flow 19-1704] No user IP repositories specified
INFO: [IP_Flow 19-2313] Loaded Vivado IP repository '/home/diegoaranda/Xilinx/Vivado/2019.2/data/ip'.
open_project: Time (s): cpu = 00:00:14 ; elapsed = 00:00:08 . Memory (MB): peak = 6656.207 ; gain = 136.184 ; free physical = 1440 ; free virtual = 4677
update_compile_order -fileset sources_1
launch_runs impl_1
[Sat Jul 18 20:58:53 2020] Launched synth_1...
Run output will be captured here: /home/diegoaranda/Documents/Tesis/tesis/full_mode_rx/build/top.runs/synth_1/runme.log
[Sat Jul 18 20:58:53 2020] Launched impl_1...
Run output will be captured here: /home/diegoaranda/Documents/Tesis/tesis/full_mode_rx/build/top.runs/impl_1/runme.log
open_run impl_1
INFO: [Device 21-403] Loading part xc7a200tfbg676-3
Netlist sorting complete. Time (s): cpu = 00:00:00.01 ; elapsed = 00:00:00 . Memory (MB): peak = 6972.000 ; gain = 0.000 ; free physical = 1609 ; free virtual = 4363
INFO: [Netlist 29-17] Analyzing 13 Unisim elements for replacement
INFO: [Netlist 29-28] Unisim Transformation completed in 0 CPU seconds
INFO: [Project 1-479] Netlist was created with Vivado 2019.2
INFO: [Project 1-570] Preparing netlist for logic optimization
INFO: [Timing 38-478] Restoring timing data from binary archive.
INFO: [Timing 38-479] Binary timing data restore complete.
INFO: [Project 1-856] Restoring constraints from binary archive.
INFO: [Constraints 18-5170] The checkpoint was created with non-default parameter values which do not match the current Vivado settings.  Mismatching parameters are:
  general.maxThreads
INFO: [Project 1-853] Binary constraint restore complete.
Reading XDEF placement.
Reading placer database...
Reading XDEF routing.
Read XDEF File: Time (s): cpu = 00:00:00.18 ; elapsed = 00:00:00.15 . Memory (MB): peak = 7597.770 ; gain = 0.000 ; free physical = 994 ; free virtual = 3788
Restored from archive | CPU: 0.200000 secs | Memory: 1.253922 MB |
Finished XDEF File Restore: Time (s): cpu = 00:00:00.18 ; elapsed = 00:00:00.15 . Memory (MB): peak = 7597.770 ; gain = 0.000 ; free physical = 994 ; free virtual = 3788
Netlist sorting complete. Time (s): cpu = 00:00:00 ; elapsed = 00:00:00 . Memory (MB): peak = 7597.770 ; gain = 0.000 ; free physical = 993 ; free virtual = 3788
INFO: [Project 1-111] Unisim Transformation Summary:
No Unisim elements were transformed.

open_run: Time (s): cpu = 00:00:27 ; elapsed = 00:00:43 . Memory (MB): peak = 7784.938 ; gain = 1054.664 ; free physical = 888 ; free virtual = 3712
CRITICAL WARNING: [Timing 38-282] The design failed to meet the timing requirements. Please see the timing summary report for details on the timing violations.
exit
INFO: [Common 17-206] Exiting Vivado at Sat Jul 18 21:07:08 2020...
