#-----------------------------------------------------------
# xsim v2019.2 (64-bit)
# SW Build 2700185 on Thu Oct 24 18:45:48 MDT 2019
# IP Build 2699827 on Thu Oct 24 21:16:38 MDT 2019
# Start of session at: Sun Jul  5 17:49:17 2020
# Process ID: 8572
# Current directory: /home/diegoaranda/Documents/Tesis/tesis/full_mode_rx
# Command line: xsim -source {xsim.dir/top_tb_sim/xsim_script.tcl}
# Log file: /home/diegoaranda/Documents/Tesis/tesis/full_mode_rx/xsim.log
# Journal file: /home/diegoaranda/Documents/Tesis/tesis/full_mode_rx/xsim.jou
#-----------------------------------------------------------
start_gui
source xsim.dir/top_tb_sim/xsim_script.tcl
# set_param project.enableReportConfiguration 0
# load_feature core
# current_fileset
INFO: [IP_Flow 19-234] Refreshing IP repositories
INFO: [IP_Flow 19-1704] No user IP repositories specified
INFO: [IP_Flow 19-2313] Loaded Vivado IP repository '/home/diegoaranda/Xilinx/Vivado/2019.2/data/ip'.
current_fileset: Time (s): cpu = 00:00:10 ; elapsed = 00:00:06 . Memory (MB): peak = 8577.828 ; gain = 130.016 ; free physical = 814 ; free virtual = 5557
# xsim {top_tb_sim} -autoloadwcfg
Vivado Simulator 2019.2
Time resolution is 1 ps
open_wave_config /home/diegoaranda/Documents/Tesis/tesis/full_mode_rx/top_tb_sim.wcfg
run 3 ms
run: Time (s): cpu = 00:00:12 ; elapsed = 00:00:36 . Memory (MB): peak = 8620.555 ; gain = 0.000 ; free physical = 624 ; free virtual = 5369
save_wave_config {/home/diegoaranda/Documents/Tesis/tesis/full_mode_rx/top_tb_sim.wcfg}
restart
INFO: [Simtcl 6-17] Simulation restarted
run 3 ms
run: Time (s): cpu = 00:00:07 ; elapsed = 00:00:32 . Memory (MB): peak = 8757.379 ; gain = 0.000 ; free physical = 549 ; free virtual = 5294
close_sim
INFO: [Simtcl 6-16] Simulation closed
close_sim: Time (s): cpu = 00:01:13 ; elapsed = 00:00:08 . Memory (MB): peak = 8757.379 ; gain = 0.000 ; free physical = 679 ; free virtual = 5422
exit
INFO: [Common 17-206] Exiting xsim at Sun Jul  5 17:55:42 2020...
