#-----------------------------------------------------------
# xsim v2019.2 (64-bit)
# SW Build 2700185 on Thu Oct 24 18:45:48 MDT 2019
# IP Build 2699827 on Thu Oct 24 21:16:38 MDT 2019
# Start of session at: Tue Jun 16 13:26:50 2020
# Process ID: 6732
# Current directory: /home/diegoaranda/Documents/Tesis/tesis/full_mode_rx
# Command line: xsim -source {xsim.dir/top_tb_sim/xsim_script.tcl}
# Log file: /home/diegoaranda/Documents/Tesis/tesis/full_mode_rx/xsim.log
# Journal file: /home/diegoaranda/Documents/Tesis/tesis/full_mode_rx/xsim.jou
#-----------------------------------------------------------
start_gui
source xsim.dir/top_tb_sim/xsim_script.tcl
# set_param project.enableReportConfiguration 0
# load_feature core
# current_fileset
INFO: [IP_Flow 19-234] Refreshing IP repositories
INFO: [IP_Flow 19-1704] No user IP repositories specified
INFO: [IP_Flow 19-2313] Loaded Vivado IP repository '/home/diegoaranda/Xilinx/Vivado/2019.2/data/ip'.
current_fileset: Time (s): cpu = 00:00:46 ; elapsed = 00:01:15 . Memory (MB): peak = 8537.754 ; gain = 89.031 ; free physical = 690 ; free virtual = 5627
# xsim {top_tb_sim} -autoloadwcfg
Vivado Simulator 2019.2
Time resolution is 1 ps
open_wave_config /home/diegoaranda/Documents/Tesis/tesis/full_mode_rx/top_tb_sim.wcfg
open_wave_config: Time (s): cpu = 00:00:06 ; elapsed = 00:00:05 . Memory (MB): peak = 8629.613 ; gain = 32.016 ; free physical = 545 ; free virtual = 5484
xsim: Time (s): cpu = 00:03:30 ; elapsed = 00:06:01 . Memory (MB): peak = 8629.613 ; gain = 91.859 ; free physical = 543 ; free virtual = 5483
close_sim
INFO: [Simtcl 6-16] Simulation closed
close_sim: Time (s): cpu = 00:01:23 ; elapsed = 00:00:51 . Memory (MB): peak = 8740.875 ; gain = 1.996 ; free physical = 631 ; free virtual = 5545
exit
INFO: [Common 17-206] Exiting xsim at Tue Jun 16 14:31:08 2020...
