#-----------------------------------------------------------
# xsim v2019.2 (64-bit)
# SW Build 2700185 on Thu Oct 24 18:45:48 MDT 2019
# IP Build 2699827 on Thu Oct 24 21:16:38 MDT 2019
# Start of session at: Sun Jun 28 12:34:17 2020
# Process ID: 4417
# Current directory: /home/diegoaranda/Documents/Tesis/tesis/full_mode_rx
# Command line: xsim -source {xsim.dir/top_tb_sim/xsim_script.tcl}
# Log file: /home/diegoaranda/Documents/Tesis/tesis/full_mode_rx/xsim.log
# Journal file: /home/diegoaranda/Documents/Tesis/tesis/full_mode_rx/xsim.jou
#-----------------------------------------------------------
start_gui
source xsim.dir/top_tb_sim/xsim_script.tcl
# set_param project.enableReportConfiguration 0
# load_feature core
# current_fileset
INFO: [IP_Flow 19-234] Refreshing IP repositories
INFO: [IP_Flow 19-1704] No user IP repositories specified
INFO: [IP_Flow 19-2313] Loaded Vivado IP repository '/home/diegoaranda/Xilinx/Vivado/2019.2/data/ip'.
current_fileset: Time (s): cpu = 00:00:10 ; elapsed = 00:00:06 . Memory (MB): peak = 8579.492 ; gain = 135.020 ; free physical = 1213 ; free virtual = 5773
# xsim {top_tb_sim} -autoloadwcfg
Vivado Simulator 2019.2
Time resolution is 1 ps
open_wave_config /home/diegoaranda/Documents/Tesis/tesis/full_mode_rx/top_tb_sim.wcfg
run 1.5 ms
run: Time (s): cpu = 00:04:48 ; elapsed = 01:11:40 . Memory (MB): peak = 8626.266 ; gain = 0.000 ; free physical = 743 ; free virtual = 5540
run 1.5 ms
run: Time (s): cpu = 00:00:05 ; elapsed = 00:00:08 . Memory (MB): peak = 8639.547 ; gain = 0.000 ; free physical = 730 ; free virtual = 5530
run 1.5 ms
run: Time (s): cpu = 00:00:03 ; elapsed = 00:00:19 . Memory (MB): peak = 8639.547 ; gain = 0.000 ; free physical = 724 ; free virtual = 5525
run 1.5 ms
run: Time (s): cpu = 00:00:05 ; elapsed = 00:00:26 . Memory (MB): peak = 8639.547 ; gain = 0.000 ; free physical = 714 ; free virtual = 5516
close_sim
INFO: [Simtcl 6-16] Simulation closed
close_sim: Time (s): cpu = 01:12:47 ; elapsed = 00:00:43 . Memory (MB): peak = 8639.547 ; gain = 0.000 ; free physical = 1001 ; free virtual = 5596
exit
INFO: [Common 17-206] Exiting xsim at Sun Jun 28 14:23:30 2020...
