#-----------------------------------------------------------
# xsim v2019.2 (64-bit)
# SW Build 2700185 on Thu Oct 24 18:45:48 MDT 2019
# IP Build 2699827 on Thu Oct 24 21:16:38 MDT 2019
# Start of session at: Sun Jul  5 19:21:10 2020
# Process ID: 20110
# Current directory: /home/diegoaranda/Documents/Tesis/tesis/full_mode_rx
# Command line: xsim -source {xsim.dir/top_tb_sim/xsim_script.tcl}
# Log file: /home/diegoaranda/Documents/Tesis/tesis/full_mode_rx/xsim.log
# Journal file: /home/diegoaranda/Documents/Tesis/tesis/full_mode_rx/xsim.jou
#-----------------------------------------------------------
start_gui
source xsim.dir/top_tb_sim/xsim_script.tcl
# set_param project.enableReportConfiguration 0
# load_feature core
# current_fileset
INFO: [IP_Flow 19-234] Refreshing IP repositories
INFO: [IP_Flow 19-1704] No user IP repositories specified
INFO: [IP_Flow 19-2313] Loaded Vivado IP repository '/home/diegoaranda/Xilinx/Vivado/2019.2/data/ip'.
current_fileset: Time (s): cpu = 00:00:09 ; elapsed = 00:00:06 . Memory (MB): peak = 8582.766 ; gain = 130.016 ; free physical = 683 ; free virtual = 5507
# xsim {top_tb_sim} -autoloadwcfg
Vivado Simulator 2019.2
Time resolution is 1 ps
open_wave_config /home/diegoaranda/Documents/Tesis/tesis/full_mode_rx/top_tb_sim.wcfg
WARNING: Simulation object /top_tb/dut/rx_state was not found in the design.
WARNING: Simulation object /top_tb/dut/rx_state was not found in the design.
WARNING: Simulation object /top_tb/dut/rx_fsm_state was not found in the design.
WARNING: Simulation object /top_tb/dut/rx_tx_state was not found in the design.
WARNING: Simulation object /top_tb/dut/fsm_state was not found in the design.
save_wave_config {/home/diegoaranda/Documents/Tesis/tesis/full_mode_rx/top_tb_sim.wcfg}
save_wave_config {/home/diegoaranda/Documents/Tesis/tesis/full_mode_rx/top_tb_sim.wcfg}
run 1.5 ms
run: Time (s): cpu = 00:07:07 ; elapsed = 01:12:31 . Memory (MB): peak = 8633.684 ; gain = 0.000 ; free physical = 474 ; free virtual = 5110
run 1.5 ms
run: Time (s): cpu = 00:00:45 ; elapsed = 00:09:56 . Memory (MB): peak = 8633.684 ; gain = 0.000 ; free physical = 503 ; free virtual = 5090
save_wave_config {/home/diegoaranda/Documents/Tesis/tesis/full_mode_rx/top_tb_sim.wcfg}
close_sim
INFO: [Simtcl 6-16] Simulation closed
close_sim: Time (s): cpu = 01:19:03 ; elapsed = 00:00:14 . Memory (MB): peak = 8633.684 ; gain = 0.000 ; free physical = 699 ; free virtual = 5199
exit
INFO: [Common 17-206] Exiting xsim at Sun Jul  5 21:34:19 2020...
