#-----------------------------------------------------------
# xsim v2019.2 (64-bit)
# SW Build 2700185 on Thu Oct 24 18:45:48 MDT 2019
# IP Build 2699827 on Thu Oct 24 21:16:38 MDT 2019
# Start of session at: Sun Jul 19 14:57:29 2020
# Process ID: 6018
# Current directory: /home/diegoaranda/Documents/Tesis/tesis/full_mode_rx
# Command line: xsim -source {xsim.dir/top_tb_sim/xsim_script.tcl}
# Log file: /home/diegoaranda/Documents/Tesis/tesis/full_mode_rx/xsim.log
# Journal file: /home/diegoaranda/Documents/Tesis/tesis/full_mode_rx/xsim.jou
#-----------------------------------------------------------
start_gui
source xsim.dir/top_tb_sim/xsim_script.tcl
# set_param project.enableReportConfiguration 0
# load_feature core
# current_fileset
INFO: [IP_Flow 19-234] Refreshing IP repositories
INFO: [IP_Flow 19-1704] No user IP repositories specified
INFO: [IP_Flow 19-2313] Loaded Vivado IP repository '/home/diegoaranda/Xilinx/Vivado/2019.2/data/ip'.
current_fileset: Time (s): cpu = 00:00:10 ; elapsed = 00:00:06 . Memory (MB): peak = 8582.297 ; gain = 130.016 ; free physical = 1350 ; free virtual = 5768
# xsim {top_tb_sim} -autoloadwcfg
Vivado Simulator 2019.2
Time resolution is 1 ps
open_wave_config /home/diegoaranda/Documents/Tesis/tesis/full_mode_rx/top_tb_sim.wcfg
run 1 ms
Warning : input CLKIN1 period and attribute CLKIN1_PERIOD on PLLE2_ADV instance top_tb.dut.PLLE2_BASE_1.plle2_adv_1 are not same.
Warning: [Unisim PLLE2_ADV-21] Input CLKIN1 is stopped at time            756708250. Reset is required when input clock returns. Instance top_tb.dut.PLLE2_BASE_1.plle2_adv_1 
Warning: [Unisim PLLE2_ADV-21] Input CLKIN1 is stopped at time            862975321. Reset is required when input clock returns. Instance top_tb.dut.PLLE2_BASE_1.plle2_adv_1 
run: Time (s): cpu = 00:04:26 ; elapsed = 00:50:45 . Memory (MB): peak = 8756.453 ; gain = 127.301 ; free physical = 579 ; free virtual = 5366
save_wave_config {/home/diegoaranda/Documents/Tesis/tesis/full_mode_rx/top_tb_sim.wcfg}
close_sim
INFO: [Simtcl 6-16] Simulation closed
close_sim: Time (s): cpu = 00:50:44 ; elapsed = 00:00:11 . Memory (MB): peak = 8766.457 ; gain = 0.000 ; free physical = 761 ; free virtual = 5378
exit
INFO: [Common 17-206] Exiting xsim at Sun Jul 19 16:13:31 2020...
