#-----------------------------------------------------------
# xsim v2019.2 (64-bit)
# SW Build 2700185 on Thu Oct 24 18:45:48 MDT 2019
# IP Build 2699827 on Thu Oct 24 21:16:38 MDT 2019
# Start of session at: Sat Jul 18 15:55:42 2020
# Process ID: 3681
# Current directory: /home/diegoaranda/Documents/Tesis/tesis/full_mode_rx
# Command line: xsim -source {xsim.dir/top_tb_sim/xsim_script.tcl}
# Log file: /home/diegoaranda/Documents/Tesis/tesis/full_mode_rx/xsim.log
# Journal file: /home/diegoaranda/Documents/Tesis/tesis/full_mode_rx/xsim.jou
#-----------------------------------------------------------
start_gui
source xsim.dir/top_tb_sim/xsim_script.tcl
# set_param project.enableReportConfiguration 0
# load_feature core
# current_fileset
INFO: [IP_Flow 19-234] Refreshing IP repositories
INFO: [IP_Flow 19-1704] No user IP repositories specified
INFO: [IP_Flow 19-2313] Loaded Vivado IP repository '/home/diegoaranda/Xilinx/Vivado/2019.2/data/ip'.
current_fileset: Time (s): cpu = 00:00:27 ; elapsed = 00:00:51 . Memory (MB): peak = 8540.672 ; gain = 89.031 ; free physical = 1211 ; free virtual = 5761
# xsim {top_tb_sim} -autoloadwcfg
Vivado Simulator 2019.2
Time resolution is 1 ps
open_wave_config /home/diegoaranda/Documents/Tesis/tesis/full_mode_rx/top_tb_sim.wcfg
WARNING: Simulation object /top_tb/dut/tx_tx_init_done was not found in the design.
WARNING: Simulation object /top_tb/dut/tx_fifo_empty was not found in the design.
xsim: Time (s): cpu = 00:00:12 ; elapsed = 00:00:12 . Memory (MB): peak = 8632.531 ; gain = 91.859 ; free physical = 1074 ; free virtual = 5626
close_sim
INFO: [Simtcl 6-16] Simulation closed
close_sim: Time (s): cpu = 00:00:06 ; elapsed = 00:00:10 . Memory (MB): peak = 8632.531 ; gain = 0.000 ; free physical = 1122 ; free virtual = 5674
exit
INFO: [Common 17-206] Exiting xsim at Sat Jul 18 15:59:27 2020...
