#-----------------------------------------------------------
# xsim v2019.2 (64-bit)
# SW Build 2700185 on Thu Oct 24 18:45:48 MDT 2019
# IP Build 2699827 on Thu Oct 24 21:16:38 MDT 2019
# Start of session at: Wed Jul  8 16:57:52 2020
# Process ID: 3930
# Current directory: /home/diegoaranda/Documents/Tesis/tesis/full_mode_rx
# Command line: xsim -source {xsim.dir/top_tb_sim/xsim_script.tcl}
# Log file: /home/diegoaranda/Documents/Tesis/tesis/full_mode_rx/xsim.log
# Journal file: /home/diegoaranda/Documents/Tesis/tesis/full_mode_rx/xsim.jou
#-----------------------------------------------------------
start_gui
source xsim.dir/top_tb_sim/xsim_script.tcl
# set_param project.enableReportConfiguration 0
# load_feature core
# current_fileset
INFO: [IP_Flow 19-234] Refreshing IP repositories
INFO: [IP_Flow 19-1704] No user IP repositories specified
INFO: [IP_Flow 19-2313] Loaded Vivado IP repository '/home/diegoaranda/Xilinx/Vivado/2019.2/data/ip'.
current_fileset: Time (s): cpu = 00:00:14 ; elapsed = 00:00:26 . Memory (MB): peak = 8581.590 ; gain = 132.016 ; free physical = 1213 ; free virtual = 5791
# xsim {top_tb_sim} -autoloadwcfg
Vivado Simulator 2019.2
Time resolution is 1 ps
open_wave_config /home/diegoaranda/Documents/Tesis/tesis/full_mode_rx/top_tb_sim.wcfg
xsim: Time (s): cpu = 00:00:11 ; elapsed = 00:00:09 . Memory (MB): peak = 8635.469 ; gain = 53.879 ; free physical = 1093 ; free virtual = 5674
run 3 ms
run: Time (s): cpu = 00:00:21 ; elapsed = 00:00:31 . Memory (MB): peak = 8635.469 ; gain = 0.000 ; free physical = 1030 ; free virtual = 5612
close_sim
INFO: [Simtcl 6-16] Simulation closed
close_sim: Time (s): cpu = 00:00:38 ; elapsed = 00:00:10 . Memory (MB): peak = 8635.469 ; gain = 0.000 ; free physical = 1076 ; free virtual = 5657
exit
INFO: [Common 17-206] Exiting xsim at Wed Jul  8 17:04:03 2020...
