#-----------------------------------------------------------
# xsim v2019.2 (64-bit)
# SW Build 2700185 on Thu Oct 24 18:45:48 MDT 2019
# IP Build 2699827 on Thu Oct 24 21:16:38 MDT 2019
# Start of session at: Mon Jul  6 15:16:12 2020
# Process ID: 4968
# Current directory: /home/diegoaranda/Documents/Tesis/tesis/full_mode_rx
# Command line: xsim -source {xsim.dir/top_tb_sim/xsim_script.tcl}
# Log file: /home/diegoaranda/Documents/Tesis/tesis/full_mode_rx/xsim.log
# Journal file: /home/diegoaranda/Documents/Tesis/tesis/full_mode_rx/xsim.jou
#-----------------------------------------------------------
start_gui
source xsim.dir/top_tb_sim/xsim_script.tcl
# set_param project.enableReportConfiguration 0
# load_feature core
# current_fileset
INFO: [IP_Flow 19-234] Refreshing IP repositories
INFO: [IP_Flow 19-1704] No user IP repositories specified
INFO: [IP_Flow 19-2313] Loaded Vivado IP repository '/home/diegoaranda/Xilinx/Vivado/2019.2/data/ip'.
current_fileset: Time (s): cpu = 00:00:24 ; elapsed = 00:00:47 . Memory (MB): peak = 8583.656 ; gain = 132.016 ; free physical = 1295 ; free virtual = 5753
# xsim {top_tb_sim} -autoloadwcfg
Vivado Simulator 2019.2
Time resolution is 1 ps
open_wave_config /home/diegoaranda/Documents/Tesis/tesis/full_mode_rx/top_tb_sim.wcfg
WARNING: Simulation object /top_tb/dut/tx_fsm_system_ready was not found in the design.
WARNING: Simulation object /top_tb/dut/tx_fsm_aux_ign was not found in the design.
WARNING: Simulation object /top_tb/dut/tx_fsm_counter_idle was not found in the design.
xsim: Time (s): cpu = 00:00:25 ; elapsed = 00:00:25 . Memory (MB): peak = 8624.523 ; gain = 40.867 ; free physical = 1171 ; free virtual = 5630
run 3 ms
run: Time (s): cpu = 00:00:17 ; elapsed = 00:01:12 . Memory (MB): peak = 8757.797 ; gain = 0.000 ; free physical = 1036 ; free virtual = 5500
close_sim
INFO: [Simtcl 6-16] Simulation closed
close_sim: Time (s): cpu = 00:01:16 ; elapsed = 00:00:11 . Memory (MB): peak = 8757.797 ; gain = 0.000 ; free physical = 1127 ; free virtual = 5587
exit
INFO: [Common 17-206] Exiting xsim at Mon Jul  6 15:28:41 2020...
