#-----------------------------------------------------------
# xsim v2019.2 (64-bit)
# SW Build 2700185 on Thu Oct 24 18:45:48 MDT 2019
# IP Build 2699827 on Thu Oct 24 21:16:38 MDT 2019
# Start of session at: Mon Jun 29 16:33:05 2020
# Process ID: 6032
# Current directory: /home/diegoaranda/Documents/Tesis/tesis/full_mode_rx
# Command line: xsim -source {xsim.dir/top_tb_sim/xsim_script.tcl}
# Log file: /home/diegoaranda/Documents/Tesis/tesis/full_mode_rx/xsim.log
# Journal file: /home/diegoaranda/Documents/Tesis/tesis/full_mode_rx/xsim.jou
#-----------------------------------------------------------
start_gui
source xsim.dir/top_tb_sim/xsim_script.tcl
# set_param project.enableReportConfiguration 0
# load_feature core
# current_fileset
INFO: [IP_Flow 19-234] Refreshing IP repositories
INFO: [IP_Flow 19-1704] No user IP repositories specified
INFO: [IP_Flow 19-2313] Loaded Vivado IP repository '/home/diegoaranda/Xilinx/Vivado/2019.2/data/ip'.
current_fileset: Time (s): cpu = 00:00:43 ; elapsed = 00:01:31 . Memory (MB): peak = 8583.676 ; gain = 132.016 ; free physical = 128 ; free virtual = 5498
# xsim {top_tb_sim} -autoloadwcfg
Vivado Simulator 2019.2
Time resolution is 1 ps
open_wave_config /home/diegoaranda/Documents/Tesis/tesis/full_mode_rx/top_tb_sim.wcfg
WARNING: Simulation object /top_tb/value was not found in the design.
WARNING: Simulation object /top_tb/type was not found in the design.
xsim: Time (s): cpu = 00:00:26 ; elapsed = 00:01:28 . Memory (MB): peak = 8632.551 ; gain = 48.875 ; free physical = 132 ; free virtual = 5388
run 1.5 ms
run: Time (s): cpu = 00:05:28 ; elapsed = 01:04:47 . Memory (MB): peak = 8632.551 ; gain = 0.000 ; free physical = 502 ; free virtual = 5283
close_sim
INFO: [Simtcl 6-16] Simulation closed
close_sim: Time (s): cpu = 01:05:06 ; elapsed = 00:00:28 . Memory (MB): peak = 8750.816 ; gain = 2.000 ; free physical = 574 ; free virtual = 5373
exit
INFO: [Common 17-206] Exiting xsim at Mon Jun 29 17:58:28 2020...
