#-----------------------------------------------------------
# xsim v2019.2 (64-bit)
# SW Build 2700185 on Thu Oct 24 18:45:48 MDT 2019
# IP Build 2699827 on Thu Oct 24 21:16:38 MDT 2019
# Start of session at: Sun Jun 28 14:55:35 2020
# Process ID: 19259
# Current directory: /home/diegoaranda/Documents/Tesis/tesis/full_mode_rx
# Command line: xsim -source {xsim.dir/top_tb_sim/xsim_script.tcl}
# Log file: /home/diegoaranda/Documents/Tesis/tesis/full_mode_rx/xsim.log
# Journal file: /home/diegoaranda/Documents/Tesis/tesis/full_mode_rx/xsim.jou
#-----------------------------------------------------------
start_gui
source xsim.dir/top_tb_sim/xsim_script.tcl
# set_param project.enableReportConfiguration 0
# load_feature core
# current_fileset
INFO: [IP_Flow 19-234] Refreshing IP repositories
INFO: [IP_Flow 19-1704] No user IP repositories specified
INFO: [IP_Flow 19-2313] Loaded Vivado IP repository '/home/diegoaranda/Xilinx/Vivado/2019.2/data/ip'.
current_fileset: Time (s): cpu = 00:00:09 ; elapsed = 00:00:06 . Memory (MB): peak = 8579.699 ; gain = 132.016 ; free physical = 1138 ; free virtual = 5705
# xsim {top_tb_sim} -autoloadwcfg
Vivado Simulator 2019.2
Time resolution is 1 ps
open_wave_config /home/diegoaranda/Documents/Tesis/tesis/full_mode_rx/top_tb_sim.wcfg
run 1.5 ms
run: Time (s): cpu = 00:07:55 ; elapsed = 01:15:41 . Memory (MB): peak = 8629.125 ; gain = 6.133 ; free physical = 460 ; free virtual = 5089
close_sim
INFO: [Simtcl 6-16] Simulation closed
close_sim: Time (s): cpu = 01:15:36 ; elapsed = 00:00:45 . Memory (MB): peak = 8754.398 ; gain = 2.000 ; free physical = 1001 ; free virtual = 5579
exit
INFO: [Common 17-206] Exiting xsim at Sun Jun 28 16:20:18 2020...
