#-----------------------------------------------------------
# xsim v2019.2 (64-bit)
# SW Build 2700185 on Thu Oct 24 18:45:48 MDT 2019
# IP Build 2699827 on Thu Oct 24 21:16:38 MDT 2019
# Start of session at: Mon Jul 13 11:31:07 2020
# Process ID: 86477
# Current directory: /home/diegoaranda/Documents/Tesis/tesis/full_mode_rx
# Command line: xsim -source {xsim.dir/top_tb_sim/xsim_script.tcl}
# Log file: /home/diegoaranda/Documents/Tesis/tesis/full_mode_rx/xsim.log
# Journal file: /home/diegoaranda/Documents/Tesis/tesis/full_mode_rx/xsim.jou
#-----------------------------------------------------------
start_gui
source xsim.dir/top_tb_sim/xsim_script.tcl
# set_param project.enableReportConfiguration 0
# load_feature core
# current_fileset
INFO: [IP_Flow 19-234] Refreshing IP repositories
INFO: [IP_Flow 19-1704] No user IP repositories specified
INFO: [IP_Flow 19-2313] Loaded Vivado IP repository '/home/diegoaranda/Xilinx/Vivado/2019.2/data/ip'.
current_fileset: Time (s): cpu = 00:00:13 ; elapsed = 00:00:11 . Memory (MB): peak = 8526.668 ; gain = 89.031 ; free physical = 1097 ; free virtual = 5329
# xsim {top_tb_sim} -autoloadwcfg
Vivado Simulator 2019.2
Time resolution is 1 ps
open_wave_config /home/diegoaranda/Documents/Tesis/tesis/full_mode_rx/top_tb_sim.wcfg
xsim: Time (s): cpu = 00:00:12 ; elapsed = 00:00:12 . Memory (MB): peak = 8623.531 ; gain = 96.863 ; free physical = 1033 ; free virtual = 5221
run 0.1 ms
Warning : input CLKIN1 period and attribute CLKIN1_PERIOD on PLLE2_ADV instance top_tb.dut.PLLE2_BASE_1.plle2_adv_1 are not same.
run: Time (s): cpu = 00:00:12 ; elapsed = 00:00:27 . Memory (MB): peak = 8623.531 ; gain = 0.000 ; free physical = 988 ; free virtual = 5179
close_sim
INFO: [Simtcl 6-16] Simulation closed
close_sim: Time (s): cpu = 00:00:34 ; elapsed = 00:00:16 . Memory (MB): peak = 8623.531 ; gain = 0.000 ; free physical = 1083 ; free virtual = 5272
exit
INFO: [Common 17-206] Exiting xsim at Mon Jul 13 11:35:08 2020...
