#-----------------------------------------------------------
# xsim v2019.2 (64-bit)
# SW Build 2700185 on Thu Oct 24 18:45:48 MDT 2019
# IP Build 2699827 on Thu Oct 24 21:16:38 MDT 2019
# Start of session at: Tue Jun 16 16:05:33 2020
# Process ID: 5300
# Current directory: /home/diegoaranda/Documents/Tesis/tesis/full_mode_rx
# Command line: xsim -source {xsim.dir/top_tb_sim/xsim_script.tcl}
# Log file: /home/diegoaranda/Documents/Tesis/tesis/full_mode_rx/xsim.log
# Journal file: /home/diegoaranda/Documents/Tesis/tesis/full_mode_rx/xsim.jou
#-----------------------------------------------------------
start_gui
source xsim.dir/top_tb_sim/xsim_script.tcl
# set_param project.enableReportConfiguration 0
# load_feature core
# current_fileset
INFO: [IP_Flow 19-234] Refreshing IP repositories
INFO: [IP_Flow 19-1704] No user IP repositories specified
INFO: [IP_Flow 19-2313] Loaded Vivado IP repository '/home/diegoaranda/Xilinx/Vivado/2019.2/data/ip'.
current_fileset: Time (s): cpu = 00:00:17 ; elapsed = 00:00:32 . Memory (MB): peak = 8589.613 ; gain = 137.020 ; free physical = 209 ; free virtual = 5245
# xsim {top_tb_sim} -autoloadwcfg
Vivado Simulator 2019.2
Time resolution is 1 ps
open_wave_config /home/diegoaranda/Documents/Tesis/tesis/full_mode_rx/top_tb_sim.wcfg
WARNING: Simulation object /top_tb/dut/final_dout was not found in the design.
open_wave_config: Time (s): cpu = 00:00:05 ; elapsed = 00:00:09 . Memory (MB): peak = 8636.484 ; gain = 35.016 ; free physical = 119 ; free virtual = 5063
xsim: Time (s): cpu = 00:01:59 ; elapsed = 00:09:20 . Memory (MB): peak = 8636.484 ; gain = 46.871 ; free physical = 112 ; free virtual = 5051
close_sim
INFO: [Simtcl 6-16] Simulation closed
close_sim: Time (s): cpu = 00:00:18 ; elapsed = 00:00:10 . Memory (MB): peak = 8751.754 ; gain = 0.000 ; free physical = 604 ; free virtual = 5182
exit
INFO: [Common 17-206] Exiting xsim at Tue Jun 16 16:27:01 2020...
