#-----------------------------------------------------------
# xsim v2019.2 (64-bit)
# SW Build 2700185 on Thu Oct 24 18:45:48 MDT 2019
# IP Build 2699827 on Thu Oct 24 21:16:38 MDT 2019
# Start of session at: Fri Jul  3 16:15:59 2020
# Process ID: 10057
# Current directory: /home/diegoaranda/Documents/Tesis/tesis/full_mode_rx
# Command line: xsim -source {xsim.dir/top_tb_sim/xsim_script.tcl}
# Log file: /home/diegoaranda/Documents/Tesis/tesis/full_mode_rx/xsim.log
# Journal file: /home/diegoaranda/Documents/Tesis/tesis/full_mode_rx/xsim.jou
#-----------------------------------------------------------
start_gui
source xsim.dir/top_tb_sim/xsim_script.tcl
# set_param project.enableReportConfiguration 0
# load_feature core
# current_fileset
INFO: [IP_Flow 19-234] Refreshing IP repositories
INFO: [IP_Flow 19-1704] No user IP repositories specified
INFO: [IP_Flow 19-2313] Loaded Vivado IP repository '/home/diegoaranda/Xilinx/Vivado/2019.2/data/ip'.
current_fileset: Time (s): cpu = 00:00:09 ; elapsed = 00:00:05 . Memory (MB): peak = 8578.777 ; gain = 135.016 ; free physical = 1197 ; free virtual = 5770
# xsim {top_tb_sim} -autoloadwcfg
Vivado Simulator 2019.2
Time resolution is 1 ps
open_wave_config /home/diegoaranda/Documents/Tesis/tesis/full_mode_rx/top_tb_sim.wcfg
run 1.5 ms
run: Time (s): cpu = 00:00:05 ; elapsed = 00:00:23 . Memory (MB): peak = 8621.266 ; gain = 0.000 ; free physical = 1021 ; free virtual = 5594
restart
INFO: [Simtcl 6-17] Simulation restarted
run 1.5 ms
run: Time (s): cpu = 00:00:05 ; elapsed = 00:00:22 . Memory (MB): peak = 8642.613 ; gain = 0.000 ; free physical = 923 ; free virtual = 5497
close_sim
INFO: [Simtcl 6-16] Simulation closed
close_sim: Time (s): cpu = 00:00:49 ; elapsed = 00:00:07 . Memory (MB): peak = 8642.613 ; gain = 0.000 ; free physical = 1052 ; free virtual = 5627
exit
INFO: [Common 17-206] Exiting xsim at Fri Jul  3 16:20:41 2020...
