#-----------------------------------------------------------
# xsim v2019.2 (64-bit)
# SW Build 2700185 on Thu Oct 24 18:45:48 MDT 2019
# IP Build 2699827 on Thu Oct 24 21:16:38 MDT 2019
# Start of session at: Sun Jul  5 21:37:35 2020
# Process ID: 30455
# Current directory: /home/diegoaranda/Documents/Tesis/tesis/full_mode_rx
# Command line: xsim -source {xsim.dir/top_tb_sim/xsim_script.tcl}
# Log file: /home/diegoaranda/Documents/Tesis/tesis/full_mode_rx/xsim.log
# Journal file: /home/diegoaranda/Documents/Tesis/tesis/full_mode_rx/xsim.jou
#-----------------------------------------------------------
start_gui
source xsim.dir/top_tb_sim/xsim_script.tcl
# set_param project.enableReportConfiguration 0
# load_feature core
# current_fileset
INFO: [IP_Flow 19-234] Refreshing IP repositories
INFO: [IP_Flow 19-1704] No user IP repositories specified
INFO: [IP_Flow 19-2313] Loaded Vivado IP repository '/home/diegoaranda/Xilinx/Vivado/2019.2/data/ip'.
current_fileset: Time (s): cpu = 00:00:11 ; elapsed = 00:00:08 . Memory (MB): peak = 8565.648 ; gain = 130.016 ; free physical = 874 ; free virtual = 5375
# xsim {top_tb_sim} -autoloadwcfg
Vivado Simulator 2019.2
Time resolution is 1 ps
open_wave_config /home/diegoaranda/Documents/Tesis/tesis/full_mode_rx/top_tb_sim.wcfg
xsim: Time (s): cpu = 00:00:10 ; elapsed = 00:00:06 . Memory (MB): peak = 8616.520 ; gain = 50.871 ; free physical = 754 ; free virtual = 5238
run 1.5 ms
run: Time (s): cpu = 00:02:38 ; elapsed = 00:22:13 . Memory (MB): peak = 8616.520 ; gain = 0.000 ; free physical = 589 ; free virtual = 5119
save_wave_config {/home/diegoaranda/Documents/Tesis/tesis/full_mode_rx/top_tb_sim.wcfg}
restart
INFO: [Simtcl 6-17] Simulation restarted
run 1.5 ms
run: Time (s): cpu = 00:03:52 ; elapsed = 00:46:04 . Memory (MB): peak = 8744.793 ; gain = 0.000 ; free physical = 389 ; free virtual = 4997
close_sim
INFO: [Simtcl 6-16] Simulation closed
close_sim: Time (s): cpu = 01:08:06 ; elapsed = 00:00:11 . Memory (MB): peak = 8744.793 ; gain = 0.000 ; free physical = 656 ; free virtual = 5163
exit
INFO: [Common 17-206] Exiting xsim at Sun Jul  5 23:03:24 2020...
