#-----------------------------------------------------------
# Vivado v2019.2 (64-bit)
# SW Build 2700185 on Thu Oct 24 18:45:48 MDT 2019
# IP Build 2699827 on Thu Oct 24 21:16:38 MDT 2019
# Start of session at: Sat Jan  4 13:03:52 2020
# Process ID: 6766
# Current directory: /home/diegoaranda/Documents/Tesis/Manuel
# Command line: vivado -mode tcl
# Log file: /home/diegoaranda/Documents/Tesis/Manuel/vivado.log
# Journal file: /home/diegoaranda/Documents/Tesis/Manuel/vivado.jou
#-----------------------------------------------------------
open_hw
WARNING: 'open_hw' is deprecated, please use 'open_hw_manager' instead.
open_hw_manager
connect_hw_server
INFO: [Labtools 27-2285] Connecting to hw_server url TCP:localhost:3121
INFO: [Labtools 27-2222] Launching hw_server...
INFO: [Labtools 27-2221] Launch Output:

****** Xilinx hw_server v2019.2
  **** Build date : Oct 24 2019 at 19:23:45
    ** Copyright 1986-2019 Xilinx, Inc. All Rights Reserved.


INFO: [Labtools 27-3415] Connecting to cs_server url TCP:localhost:3042
INFO: [Labtools 27-3417] Launching cs_server...
INFO: [Labtools 27-2221] Launch Output:
[?1034h

****** Xilinx cs_server v2019.2.0
  **** Build date : Oct 24 2019-22:51:27
    ** Copyright 2017-2019 Xilinx, Inc. All Rights Reserved.



open_hw_target 
ERROR: [Labtoolstcl 44-469] There is no current hw_target.
set_property PROBES.FILE {} [lindex [get_hw_devices] {0}]
WARNING: [Labtoolstcl 44-128] No matching hw_devices were found.
ERROR: [Common 17-161] Invalid option value '' specified for 'objects'.
set_property PROGRAM.FILE {build/top.bit} [lindex [get_hw_devices] {0}]
WARNING: [Labtoolstcl 44-128] No matching hw_devices were found.
ERROR: [Common 17-161] Invalid option value '' specified for 'objects'.
program_hw_devices [lindex [get_hw_devices] {0}]
WARNING: [Labtoolstcl 44-128] No matching hw_devices were found.
ERROR: [Common 17-161] Invalid option value '' specified for 'hw_device'.
refresh_hw_device [lindex [get_hw_devices] {0}]
WARNING: [Labtoolstcl 44-128] No matching hw_devices were found.
ERROR: [Labtoolstcl 44-5] Could not find current or explicit device for command
quit
INFO: [Common 17-206] Exiting Vivado at Sat Jan  4 13:04:16 2020...
