Vivado Simulator 2019.2
Copyright 1986-1999, 2001-2019 Xilinx, Inc. All Rights Reserved.
Running: /home/diegoaranda/Xilinx/Vivado/2019.2/bin/unwrapped/lnx64.o/xelab -debug typical top_tb glbl -s top_tb_sim -L unisims_ver -L unimacro_ver -L SIMPRIM_VER -L secureip -L /xil_defaultlib -timescale 1ns/1ps 
Starting static elaboration
Pass Through NonSizing Optimizer
WARNING: [VRFC 10-3091] actual bit length 1 differs from formal bit length 3 for port 'PLL0REFCLKSEL' [/home/diegoaranda/Documents/Tesis/GTP/top.v:665]
WARNING: [VRFC 10-3091] actual bit length 2 differs from formal bit length 4 for port 'RXOSINTCFG' [/home/diegoaranda/Documents/Tesis/GTP/top.v:746]
WARNING: [VRFC 10-3091] actual bit length 2 differs from formal bit length 3 for port 'RXOUTCLKSEL' [/home/diegoaranda/Documents/Tesis/GTP/top.v:748]
WARNING: [VRFC 10-3091] actual bit length 1 differs from formal bit length 3 for port 'RXRATE' [/home/diegoaranda/Documents/Tesis/GTP/top.v:754]
WARNING: [VRFC 10-3091] actual bit length 1 differs from formal bit length 2 for port 'RXSYSCLKSEL' [/home/diegoaranda/Documents/Tesis/GTP/top.v:758]
WARNING: [VRFC 10-3091] actual bit length 1 differs from formal bit length 4 for port 'TXCHARDISPMODE' [/home/diegoaranda/Documents/Tesis/GTP/top.v:764]
WARNING: [VRFC 10-3091] actual bit length 1 differs from formal bit length 4 for port 'TXCHARDISPVAL' [/home/diegoaranda/Documents/Tesis/GTP/top.v:765]
WARNING: [VRFC 10-3091] actual bit length 20 differs from formal bit length 32 for port 'TXDATA' [/home/diegoaranda/Documents/Tesis/GTP/top.v:766]
WARNING: [VRFC 10-3091] actual bit length 2 differs from formal bit length 3 for port 'TXOUTCLKSEL' [/home/diegoaranda/Documents/Tesis/GTP/top.v:773]
WARNING: [VRFC 10-3091] actual bit length 1 differs from formal bit length 3 for port 'TXRATE' [/home/diegoaranda/Documents/Tesis/GTP/top.v:783]
WARNING: [VRFC 10-3091] actual bit length 1 differs from formal bit length 2 for port 'TXSYSCLKSEL' [/home/diegoaranda/Documents/Tesis/GTP/top.v:787]
WARNING: [VRFC 10-3091] actual bit length 2 differs from formal bit length 4 for port 'RXCHARISK' [/home/diegoaranda/Documents/Tesis/GTP/top.v:796]
WARNING: [VRFC 10-3091] actual bit length 16 differs from formal bit length 32 for port 'RXDATA' [/home/diegoaranda/Documents/Tesis/GTP/top.v:798]
WARNING: [VRFC 10-3091] actual bit length 2 differs from formal bit length 4 for port 'RXDISPERR' [/home/diegoaranda/Documents/Tesis/GTP/top.v:799]
WARNING: [VRFC 10-3645] port 'ODIV2' remains unconnected for this instance [/home/diegoaranda/Documents/Tesis/GTP/top.v:626]
WARNING: [VRFC 10-3645] port 'CLKOUT1' remains unconnected for this instance [/home/diegoaranda/Documents/Tesis/GTP/top.v:638]
WARNING: [VRFC 10-5021] port 'PWRDWN' is not connected on this instance [/home/diegoaranda/Documents/Tesis/GTP/top.v:638]
WARNING: [VRFC 10-3645] port 'DMONITOROUT' remains unconnected for this instance [/home/diegoaranda/Documents/Tesis/GTP/top.v:653]
WARNING: [VRFC 10-3645] port 'DMONITOROUT' remains unconnected for this instance [/home/diegoaranda/Documents/Tesis/GTP/top.v:674]
Completed static elaboration
Starting simulation data flow analysis
Completed simulation data flow analysis
Time Resolution for simulation is 1ps
Compiling module unisims_ver.IBUFDS_GTE2
Compiling module unisims_ver.BUFG
Compiling module unisims_ver.PLLE2_ADV(CLKFBOUT_MULT=10,CLKIN...
Compiling module unisims_ver.PLLE2_BASE(CLKFBOUT_MULT=10,CLKI...
Compiling module unisims_ver.GTPE2_COMMON(PLL0_FBDIV=5,PLL0_F...
Compiling module unisims_ver.GTPE2_CHANNEL(ALIGN_COMMA_ENABLE...
Compiling module work.top
Compiling module work.top_tb
Compiling module work.glbl
Built simulation snapshot top_tb_sim
