#-----------------------------------------------------------
# xsim v2019.2 (64-bit)
# SW Build 2700185 on Thu Oct 24 18:45:48 MDT 2019
# IP Build 2699827 on Thu Oct 24 21:16:38 MDT 2019
# Start of session at: Wed Mar  4 15:42:24 2020
# Process ID: 6513
# Current directory: /home/diegoaranda/Documents/Tesis/GTP
# Command line: xsim -source {xsim.dir/top_tb_sim/xsim_script.tcl}
# Log file: /home/diegoaranda/Documents/Tesis/GTP/xsim.log
# Journal file: /home/diegoaranda/Documents/Tesis/GTP/xsim.jou
#-----------------------------------------------------------
start_gui
source xsim.dir/top_tb_sim/xsim_script.tcl
# set_param project.enableReportConfiguration 0
# load_feature core
# current_fileset
INFO: [IP_Flow 19-234] Refreshing IP repositories
INFO: [IP_Flow 19-1704] No user IP repositories specified
INFO: [IP_Flow 19-2313] Loaded Vivado IP repository '/home/diegoaranda/Xilinx/Vivado/2019.2/data/ip'.
current_fileset: Time (s): cpu = 00:01:53 ; elapsed = 00:04:18 . Memory (MB): peak = 8583.578 ; gain = 132.016 ; free physical = 122 ; free virtual = 4660
# xsim {top_tb_sim} -autoloadwcfg
Vivado Simulator 2019.2
Time resolution is 1 ps
xsim: Time (s): cpu = 00:00:43 ; elapsed = 00:01:12 . Memory (MB): peak = 8600.434 ; gain = 16.855 ; free physical = 123 ; free virtual = 4554
create_wave_config; add_wave /; set_property needs_save false [current_wave_config]
run 4000 us
run 4000 us
close_sim
INFO: [Simtcl 6-16] Simulation closed
close_sim: Time (s): cpu = 00:00:14 ; elapsed = 00:00:08 . Memory (MB): peak = 8750.715 ; gain = 0.000 ; free physical = 419 ; free virtual = 4536
exit
INFO: [Common 17-206] Exiting xsim at Wed Mar  4 16:28:36 2020...
