#-----------------------------------------------------------
# xsim v2019.2 (64-bit)
# SW Build 2700185 on Thu Oct 24 18:45:48 MDT 2019
# IP Build 2699827 on Thu Oct 24 21:16:38 MDT 2019
# Start of session at: Wed Apr 15 10:31:38 2020
# Process ID: 3994
# Current directory: /home/diegoaranda/Documents/Tesis/GTP
# Command line: xsim -source {xsim.dir/top_tb_sim/xsim_script.tcl}
# Log file: /home/diegoaranda/Documents/Tesis/GTP/xsim.log
# Journal file: /home/diegoaranda/Documents/Tesis/GTP/xsim.jou
#-----------------------------------------------------------
start_gui
source xsim.dir/top_tb_sim/xsim_script.tcl
# set_param project.enableReportConfiguration 0
# load_feature core
# current_fileset
INFO: [IP_Flow 19-234] Refreshing IP repositories
INFO: [IP_Flow 19-1704] No user IP repositories specified
INFO: [IP_Flow 19-2313] Loaded Vivado IP repository '/home/diegoaranda/Xilinx/Vivado/2019.2/data/ip'.
current_fileset: Time (s): cpu = 00:00:32 ; elapsed = 00:00:59 . Memory (MB): peak = 8546.527 ; gain = 89.027 ; free physical = 1237 ; free virtual = 5807
# xsim {top_tb_sim} -autoloadwcfg
Vivado Simulator 2019.2
Time resolution is 1 ps
xsim: Time (s): cpu = 00:00:27 ; elapsed = 00:00:33 . Memory (MB): peak = 8606.375 ; gain = 59.848 ; free physical = 1137 ; free virtual = 5709
create_wave_config; add_wave /; set_property needs_save false [current_wave_config]
create_wave_config: Time (s): cpu = 00:00:07 ; elapsed = 00:00:06 . Memory (MB): peak = 8608.375 ; gain = 0.000 ; free physical = 1122 ; free virtual = 5694
run 100 us
run: Time (s): cpu = 00:00:50 ; elapsed = 00:05:26 . Memory (MB): peak = 8640.387 ; gain = 0.000 ; free physical = 1007 ; free virtual = 5588
run 100 us
run: Time (s): cpu = 00:00:36 ; elapsed = 00:05:30 . Memory (MB): peak = 8640.387 ; gain = 0.000 ; free physical = 979 ; free virtual = 5564
close_sim
INFO: [Simtcl 6-16] Simulation closed
close_sim: Time (s): cpu = 00:11:03 ; elapsed = 00:00:09 . Memory (MB): peak = 8640.387 ; gain = 0.000 ; free physical = 1097 ; free virtual = 5671
exit
INFO: [Common 17-206] Exiting xsim at Wed Apr 15 10:46:28 2020...
