#-----------------------------------------------------------
# xsim v2019.2 (64-bit)
# SW Build 2700185 on Thu Oct 24 18:45:48 MDT 2019
# IP Build 2699827 on Thu Oct 24 21:16:38 MDT 2019
# Start of session at: Fri Feb 28 16:43:52 2020
# Process ID: 4351
# Current directory: /home/diegoaranda/Documents/Tesis/GTP
# Command line: xsim -source {xsim.dir/top_tb_sim/xsim_script.tcl}
# Log file: /home/diegoaranda/Documents/Tesis/GTP/xsim.log
# Journal file: /home/diegoaranda/Documents/Tesis/GTP/xsim.jou
#-----------------------------------------------------------
start_gui
source xsim.dir/top_tb_sim/xsim_script.tcl
# set_param project.enableReportConfiguration 0
# load_feature core
# current_fileset
INFO: [IP_Flow 19-234] Refreshing IP repositories
INFO: [IP_Flow 19-1704] No user IP repositories specified
INFO: [IP_Flow 19-2313] Loaded Vivado IP repository '/home/diegoaranda/Xilinx/Vivado/2019.2/data/ip'.
current_fileset: Time (s): cpu = 00:00:08 ; elapsed = 00:00:17 . Memory (MB): peak = 7544.004 ; gain = 135.020 ; free physical = 318 ; free virtual = 4045
# xsim {top_tb_sim} -autoloadwcfg
Vivado Simulator 2019.2
Time resolution is 1 ps
create_wave_config; add_wave /; set_property needs_save false [current_wave_config]
run 7 us
run 7 us
run 7 us
restart
INFO: [Simtcl 6-17] Simulation restarted
run 7 us
close_sim
INFO: [Simtcl 6-16] Simulation closed
close_sim: Time (s): cpu = 00:00:17 ; elapsed = 00:00:07 . Memory (MB): peak = 7704.590 ; gain = 0.004 ; free physical = 323 ; free virtual = 3917
exit
INFO: [Common 17-206] Exiting xsim at Fri Feb 28 16:46:34 2020...
