#-----------------------------------------------------------
# xsim v2019.2 (64-bit)
# SW Build 2700185 on Thu Oct 24 18:45:48 MDT 2019
# IP Build 2699827 on Thu Oct 24 21:16:38 MDT 2019
# Start of session at: Tue Apr 14 17:59:05 2020
# Process ID: 23636
# Current directory: /home/diegoaranda/Documents/Tesis/GTP
# Command line: xsim -source {xsim.dir/top_tb_sim/xsim_script.tcl}
# Log file: /home/diegoaranda/Documents/Tesis/GTP/xsim.log
# Journal file: /home/diegoaranda/Documents/Tesis/GTP/xsim.jou
#-----------------------------------------------------------
start_gui
source xsim.dir/top_tb_sim/xsim_script.tcl
# set_param project.enableReportConfiguration 0
# load_feature core
# current_fileset
INFO: [IP_Flow 19-234] Refreshing IP repositories
INFO: [IP_Flow 19-1704] No user IP repositories specified
INFO: [IP_Flow 19-2313] Loaded Vivado IP repository '/home/diegoaranda/Xilinx/Vivado/2019.2/data/ip'.
current_fileset: Time (s): cpu = 00:00:16 ; elapsed = 00:00:15 . Memory (MB): peak = 8586.398 ; gain = 132.016 ; free physical = 396 ; free virtual = 4583
# xsim {top_tb_sim} -autoloadwcfg
Vivado Simulator 2019.2
Time resolution is 1 ps
xsim: Time (s): cpu = 00:00:06 ; elapsed = 00:00:05 . Memory (MB): peak = 8600.531 ; gain = 14.133 ; free physical = 295 ; free virtual = 4483
create_wave_config; add_wave /; set_property needs_save false [current_wave_config]
run 100 us
run: Time (s): cpu = 00:00:42 ; elapsed = 00:05:39 . Memory (MB): peak = 8649.555 ; gain = 0.000 ; free physical = 195 ; free virtual = 4394
run 100 us
run: Time (s): cpu = 00:00:44 ; elapsed = 00:06:03 . Memory (MB): peak = 8649.555 ; gain = 0.000 ; free physical = 118 ; free virtual = 4207
run 100 us
run: Time (s): cpu = 00:00:31 ; elapsed = 00:06:08 . Memory (MB): peak = 8649.555 ; gain = 0.000 ; free physical = 394 ; free virtual = 4333
close_sim
INFO: [Simtcl 6-16] Simulation closed
close_sim: Time (s): cpu = 00:17:42 ; elapsed = 00:00:11 . Memory (MB): peak = 8649.555 ; gain = 0.000 ; free physical = 494 ; free virtual = 4421
exit
INFO: [Common 17-206] Exiting xsim at Tue Apr 14 18:21:12 2020...
