Copyright 1986-2019 Xilinx, Inc. All Rights Reserved.
------------------------------------------------------------------------------------
| Tool Version : Vivado v.2019.2 (lin64) Build 2700185 Thu Oct 24 18:45:48 MDT 2019
| Date         : Sun Jul 19 12:05:10 2020
| Host         : localhost.localdomain running 64-bit unknown
| Command      : report_utilization -file top_utilization_synth.rpt
| Design       : top
| Device       : 7a200tfbg676-3
| Design State : Synthesized
------------------------------------------------------------------------------------

Utilization Design Information

Table of Contents
-----------------
1. Slice Logic
1.1 Summary of Registers by Type
2. Memory
3. DSP
4. IO and GT Specific
5. Clocking
6. Specific Feature
7. Primitives
8. Black Boxes
9. Instantiated Netlists

1. Slice Logic
--------------

+-------------------------+------+-------+-----------+-------+
|        Site Type        | Used | Fixed | Available | Util% |
+-------------------------+------+-------+-----------+-------+
| Slice LUTs*             |  364 |     0 |    134600 |  0.27 |
|   LUT as Logic          |  364 |     0 |    134600 |  0.27 |
|   LUT as Memory         |    0 |     0 |     46200 |  0.00 |
| Slice Registers         |  334 |     0 |    269200 |  0.12 |
|   Register as Flip Flop |  334 |     0 |    269200 |  0.12 |
|   Register as Latch     |    0 |     0 |    269200 |  0.00 |
| F7 Muxes                |    3 |     0 |     67300 | <0.01 |
| F8 Muxes                |    1 |     0 |     33650 | <0.01 |
+-------------------------+------+-------+-----------+-------+
* Warning! The Final LUT count, after physical optimizations and full implementation, is typically lower. Run opt_design after synthesis, if not already completed, for a more realistic count.


1.1 Summary of Registers by Type
--------------------------------

+-------+--------------+-------------+--------------+
| Total | Clock Enable | Synchronous | Asynchronous |
+-------+--------------+-------------+--------------+
| 0     |            _ |           - |            - |
| 0     |            _ |           - |          Set |
| 0     |            _ |           - |        Reset |
| 0     |            _ |         Set |            - |
| 0     |            _ |       Reset |            - |
| 0     |          Yes |           - |            - |
| 0     |          Yes |           - |          Set |
| 0     |          Yes |           - |        Reset |
| 38    |          Yes |         Set |            - |
| 296   |          Yes |       Reset |            - |
+-------+--------------+-------------+--------------+


2. Memory
---------

+-------------------+------+-------+-----------+-------+
|     Site Type     | Used | Fixed | Available | Util% |
+-------------------+------+-------+-----------+-------+
| Block RAM Tile    |  0.5 |     0 |       365 |  0.14 |
|   RAMB36/FIFO*    |    0 |     0 |       365 |  0.00 |
|   RAMB18          |    1 |     0 |       730 |  0.14 |
|     RAMB18E1 only |    1 |       |           |       |
+-------------------+------+-------+-----------+-------+
* Note: Each Block RAM Tile only has one FIFO logic available and therefore can accommodate only one FIFO36E1 or one FIFO18E1. However, if a FIFO18E1 occupies a Block RAM Tile, that tile can still accommodate a RAMB18E1


3. DSP
------

+-----------+------+-------+-----------+-------+
| Site Type | Used | Fixed | Available | Util% |
+-----------+------+-------+-----------+-------+
| DSPs      |    0 |     0 |       740 |  0.00 |
+-----------+------+-------+-----------+-------+


4. IO and GT Specific
---------------------

+-----------------------------+------+-------+-----------+-------+
|          Site Type          | Used | Fixed | Available | Util% |
+-----------------------------+------+-------+-----------+-------+
| Bonded IOB                  |    7 |     7 |       400 |  1.75 |
|   IOB Master Pads           |    4 |       |           |       |
|   IOB Slave Pads            |    3 |       |           |       |
| Bonded IPADs                |    4 |     4 |        26 | 15.38 |
| Bonded OPADs                |    2 |     2 |        16 | 12.50 |
| PHY_CONTROL                 |    0 |     0 |        10 |  0.00 |
| PHASER_REF                  |    0 |     0 |        10 |  0.00 |
| OUT_FIFO                    |    0 |     0 |        40 |  0.00 |
| IN_FIFO                     |    0 |     0 |        40 |  0.00 |
| IDELAYCTRL                  |    0 |     0 |        10 |  0.00 |
| IBUFDS                      |    1 |     1 |       384 |  0.26 |
| GTPE2_CHANNEL               |    1 |     1 |         8 | 12.50 |
| PHASER_OUT/PHASER_OUT_PHY   |    0 |     0 |        40 |  0.00 |
| PHASER_IN/PHASER_IN_PHY     |    0 |     0 |        40 |  0.00 |
| IDELAYE2/IDELAYE2_FINEDELAY |    0 |     0 |       500 |  0.00 |
| IBUFDS_GTE2                 |    1 |     1 |         4 | 25.00 |
| ILOGIC                      |    0 |     0 |       400 |  0.00 |
| OLOGIC                      |    0 |     0 |       400 |  0.00 |
+-----------------------------+------+-------+-----------+-------+


5. Clocking
-----------

+------------+------+-------+-----------+-------+
|  Site Type | Used | Fixed | Available | Util% |
+------------+------+-------+-----------+-------+
| BUFGCTRL   |    9 |     0 |        32 | 28.13 |
| BUFIO      |    0 |     0 |        40 |  0.00 |
| MMCME2_ADV |    0 |     0 |        10 |  0.00 |
| PLLE2_ADV  |    2 |     0 |        10 | 20.00 |
| BUFMRCE    |    0 |     0 |        20 |  0.00 |
| BUFHCE     |    0 |     0 |       120 |  0.00 |
| BUFR       |    0 |     0 |        40 |  0.00 |
+------------+------+-------+-----------+-------+


6. Specific Feature
-------------------

+-------------+------+-------+-----------+-------+
|  Site Type  | Used | Fixed | Available | Util% |
+-------------+------+-------+-----------+-------+
| BSCANE2     |    0 |     0 |         4 |  0.00 |
| CAPTUREE2   |    0 |     0 |         1 |  0.00 |
| DNA_PORT    |    0 |     0 |         1 |  0.00 |
| EFUSE_USR   |    0 |     0 |         1 |  0.00 |
| FRAME_ECCE2 |    0 |     0 |         1 |  0.00 |
| ICAPE2      |    0 |     0 |         2 |  0.00 |
| PCIE_2_1    |    0 |     0 |         1 |  0.00 |
| STARTUPE2   |    0 |     0 |         1 |  0.00 |
| XADC        |    0 |     0 |         1 |  0.00 |
+-------------+------+-------+-----------+-------+


7. Primitives
-------------

+---------------+------+---------------------+
|    Ref Name   | Used | Functional Category |
+---------------+------+---------------------+
| FDRE          |  296 |        Flop & Latch |
| LUT6          |  134 |                 LUT |
| LUT5          |   99 |                 LUT |
| LUT2          |   83 |                 LUT |
| LUT4          |   68 |                 LUT |
| LUT3          |   50 |                 LUT |
| FDSE          |   38 |        Flop & Latch |
| LUT1          |   25 |                 LUT |
| BUFG          |    9 |               Clock |
| IBUF          |    8 |                  IO |
| CARRY4        |    5 |          CarryLogic |
| OBUF          |    3 |                  IO |
| MUXF7         |    3 |               MuxFx |
| PLLE2_ADV     |    2 |               Clock |
| RAMB18E1      |    1 |        Block Memory |
| MUXF8         |    1 |               MuxFx |
| IBUFDS_GTE2   |    1 |                  IO |
| IBUFDS        |    1 |                  IO |
| GTPE2_COMMON  |    1 |                  IO |
| GTPE2_CHANNEL |    1 |                  IO |
+---------------+------+---------------------+


8. Black Boxes
--------------

+----------+------+
| Ref Name | Used |
+----------+------+


9. Instantiated Netlists
------------------------

+----------+------+
| Ref Name | Used |
+----------+------+


